{"/Users/vibhu/Projects/auto-apply-ai/apps/web/app/layout.tsx": {"path":"/Users/vibhu/Projects/auto-apply-ai/apps/web/app/layout.tsx","statementMap":{"0":{"start":{"line":14,"column":24},"end":{"line":14,"column":35}},"1":{"start":{"line":9,"column":13},"end":{"line":9,"column":21}},"2":{"start":{"line":2,"column":22},"end":{"line":2,"column":null}},"3":{"start":{"line":3,"column":7},"end":{"line":3,"column":null}},"4":{"start":{"line":4,"column":29},"end":{"line":4,"column":null}},"5":{"start":{"line":5,"column":24},"end":{"line":5,"column":null}},"6":{"start":{"line":7,"column":14},"end":{"line":7,"column":null}},"7":{"start":{"line":9,"column":34},"end":{"line":12,"column":null}}},"fnMap":{"0":{"name":"RootLayout","decl":{"start":{"line":14,"column":24},"end":{"line":14,"column":35}},"loc":{"start":{"line":18,"column":1},"end":{"line":38,"column":1}}}},"branchMap":{},"s":{"0":0,"1":0,"2":0,"3":0,"4":0,"5":0,"6":0,"7":0},"f":{"0":0},"b":{}}
,"/Users/vibhu/Projects/auto-apply-ai/apps/web/app/page.tsx": {"path":"/Users/vibhu/Projects/auto-apply-ai/apps/web/app/page.tsx","statementMap":{"0":{"start":{"line":8,"column":24},"end":{"line":8,"column":null}},"1":{"start":{"line":3,"column":26},"end":{"line":3,"column":null}},"2":{"start":{"line":4,"column":26},"end":{"line":4,"column":null}},"3":{"start":{"line":5,"column":24},"end":{"line":5,"column":null}},"4":{"start":{"line":6,"column":49},"end":{"line":6,"column":null}},"5":{"start":{"line":9,"column":30},"end":{"line":9,"column":null}},"6":{"start":{"line":10,"column":17},"end":{"line":10,"column":null}},"7":{"start":{"line":12,"column":2},"end":{"line":16,"column":null}},"8":{"start":{"line":13,"column":4},"end":{"line":15,"column":null}},"9":{"start":{"line":14,"column":6},"end":{"line":14,"column":null}},"10":{"start":{"line":18,"column":2},"end":{"line":24,"column":null}},"11":{"start":{"line":37,"column":29},"end":{"line":37,"column":null}},"12":{"start":{"line":43,"column":29},"end":{"line":43,"column":null}},"13":{"start":{"line":64,"column":29},"end":{"line":64,"column":null}},"14":{"start":{"line":70,"column":29},"end":{"line":70,"column":null}}},"fnMap":{"0":{"name":"Home","decl":{"start":{"line":8,"column":24},"end":{"line":8,"column":null}},"loc":{"start":{"line":8,"column":24},"end":{"line":128,"column":null}}},"1":{"name":"(anonymous_2)","decl":{"start":{"line":12,"column":12},"end":{"line":12,"column":null}},"loc":{"start":{"line":12,"column":12},"end":{"line":16,"column":5}}},"2":{"name":"(anonymous_3)","decl":{"start":{"line":37,"column":23},"end":{"line":37,"column":29}},"loc":{"start":{"line":37,"column":29},"end":{"line":37,"column":null}}},"3":{"name":"(anonymous_4)","decl":{"start":{"line":43,"column":23},"end":{"line":43,"column":29}},"loc":{"start":{"line":43,"column":29},"end":{"line":43,"column":null}}},"4":{"name":"(anonymous_5)","decl":{"start":{"line":64,"column":23},"end":{"line":64,"column":29}},"loc":{"start":{"line":64,"column":29},"end":{"line":64,"column":null}}},"5":{"name":"(anonymous_6)","decl":{"start":{"line":70,"column":23},"end":{"line":70,"column":29}},"loc":{"start":{"line":70,"column":29},"end":{"line":70,"column":null}}}},"branchMap":{"0":{"loc":{"start":{"line":13,"column":4},"end":{"line":15,"column":null}},"type":"if","locations":[{"start":{"line":13,"column":4},"end":{"line":15,"column":null}}]},"1":{"loc":{"start":{"line":13,"column":8},"end":{"line":13,"column":28}},"type":"binary-expr","locations":[{"start":{"line":13,"column":8},"end":{"line":13,"column":22}},{"start":{"line":13,"column":22},"end":{"line":13,"column":28}}]},"2":{"loc":{"start":{"line":18,"column":2},"end":{"line":24,"column":null}},"type":"if","locations":[{"start":{"line":18,"column":2},"end":{"line":24,"column":null}}]}},"s":{"0":0,"1":0,"2":0,"3":0,"4":0,"5":0,"6":0,"7":0,"8":0,"9":0,"10":0,"11":0,"12":0,"13":0,"14":0},"f":{"0":0,"1":0,"2":0,"3":0,"4":0,"5":0},"b":{"0":[0],"1":[0,0],"2":[0]}}
,"/Users/vibhu/Projects/auto-apply-ai/apps/web/app/dashboard/page.tsx": {"path":"/Users/vibhu/Projects/auto-apply-ai/apps/web/app/dashboard/page.tsx","statementMap":{"0":{"start":{"line":7,"column":24},"end":{"line":7,"column":null}},"1":{"start":{"line":3,"column":28},"end":{"line":3,"column":null}},"2":{"start":{"line":4,"column":24},"end":{"line":4,"column":null}},"3":{"start":{"line":5,"column":66},"end":{"line":5,"column":null}},"4":{"start":{"line":8,"column":19},"end":{"line":8,"column":null}},"5":{"start":{"line":10,"column":16},"end":{"line":15,"column":null}},"6":{"start":{"line":29,"column":12},"end":{"line":29,"column":33}}},"fnMap":{"0":{"name":"DashboardPage","decl":{"start":{"line":7,"column":24},"end":{"line":7,"column":null}},"loc":{"start":{"line":7,"column":24},"end":{"line":115,"column":null}}},"1":{"name":"(anonymous_3)","decl":{"start":{"line":28,"column":21},"end":{"line":28,"column":22}},"loc":{"start":{"line":29,"column":12},"end":{"line":29,"column":33}}}},"branchMap":{},"s":{"0":0,"1":0,"2":0,"3":0,"4":0,"5":0,"6":0},"f":{"0":0,"1":0},"b":{}}
,"/Users/vibhu/Projects/auto-apply-ai/apps/web/app/dashboard/jobs/page.tsx": {"path":"/Users/vibhu/Projects/auto-apply-ai/apps/web/app/dashboard/jobs/page.tsx","statementMap":{"0":{"start":{"line":917,"column":24},"end":{"line":917,"column":null}},"1":{"start":{"line":3,"column":46},"end":{"line":3,"column":null}},"2":{"start":{"line":4,"column":32},"end":{"line":4,"column":null}},"3":{"start":{"line":5,"column":28},"end":{"line":5,"column":null}},"4":{"start":{"line":6,"column":60},"end":{"line":6,"column":null}},"5":{"start":{"line":11,"column":7},"end":{"line":11,"column":null}},"6":{"start":{"line":12,"column":18},"end":{"line":12,"column":null}},"7":{"start":{"line":13,"column":17},"end":{"line":13,"column":null}},"8":{"start":{"line":53,"column":23},"end":{"line":53,"column":null}},"9":{"start":{"line":54,"column":27},"end":{"line":54,"column":null}},"10":{"start":{"line":56,"column":34},"end":{"line":56,"column":null}},"11":{"start":{"line":57,"column":52},"end":{"line":57,"column":null}},"12":{"start":{"line":58,"column":48},"end":{"line":58,"column":null}},"13":{"start":{"line":59,"column":26},"end":{"line":59,"column":null}},"14":{"start":{"line":60,"column":36},"end":{"line":60,"column":null}},"15":{"start":{"line":61,"column":40},"end":{"line":61,"column":null}},"16":{"start":{"line":62,"column":42},"end":{"line":62,"column":null}},"17":{"start":{"line":63,"column":30},"end":{"line":63,"column":null}},"18":{"start":{"line":64,"column":38},"end":{"line":64,"column":null}},"19":{"start":{"line":67,"column":40},"end":{"line":67,"column":null}},"20":{"start":{"line":68,"column":36},"end":{"line":68,"column":null}},"21":{"start":{"line":69,"column":22},"end":{"line":69,"column":null}},"22":{"start":{"line":71,"column":32},"end":{"line":71,"column":null}},"23":{"start":{"line":72,"column":48},"end":{"line":72,"column":null}},"24":{"start":{"line":73,"column":40},"end":{"line":73,"column":null}},"25":{"start":{"line":74,"column":52},"end":{"line":74,"column":null}},"26":{"start":{"line":75,"column":42},"end":{"line":75,"column":null}},"27":{"start":{"line":76,"column":44},"end":{"line":76,"column":null}},"28":{"start":{"line":77,"column":66},"end":{"line":77,"column":null}},"29":{"start":{"line":78,"column":50},"end":{"line":78,"column":null}},"30":{"start":{"line":79,"column":46},"end":{"line":79,"column":null}},"31":{"start":{"line":80,"column":50},"end":{"line":80,"column":null}},"32":{"start":{"line":81,"column":52},"end":{"line":81,"column":null}},"33":{"start":{"line":82,"column":50},"end":{"line":82,"column":null}},"34":{"start":{"line":83,"column":46},"end":{"line":83,"column":null}},"35":{"start":{"line":84,"column":44},"end":{"line":84,"column":null}},"36":{"start":{"line":85,"column":36},"end":{"line":85,"column":null}},"37":{"start":{"line":87,"column":2},"end":{"line":91,"column":null}},"38":{"start":{"line":88,"column":4},"end":{"line":88,"column":null}},"39":{"start":{"line":89,"column":4},"end":{"line":89,"column":null}},"40":{"start":{"line":90,"column":4},"end":{"line":90,"column":null}},"41":{"start":{"line":93,"column":2},"end":{"line":100,"column":null}},"42":{"start":{"line":94,"column":4},"end":{"line":99,"column":null}},"43":{"start":{"line":95,"column":22},"end":{"line":95,"column":null}},"44":{"start":{"line":95,"column":41},"end":{"line":95,"column":null}},"45":{"start":{"line":96,"column":6},"end":{"line":96,"column":null}},"46":{"start":{"line":97,"column":6},"end":{"line":97,"column":25}},"47":{"start":{"line":98,"column":6},"end":{"line":98,"column":null}},"48":{"start":{"line":102,"column":2},"end":{"line":106,"column":null}},"49":{"start":{"line":103,"column":4},"end":{"line":105,"column":null}},"50":{"start":{"line":104,"column":6},"end":{"line":104,"column":null}},"51":{"start":{"line":108,"column":2},"end":{"line":110,"column":null}},"52":{"start":{"line":109,"column":4},"end":{"line":109,"column":null}},"53":{"start":{"line":112,"column":2},"end":{"line":152,"column":null}},"54":{"start":{"line":113,"column":4},"end":{"line":151,"column":null}},"55":{"start":{"line":114,"column":23},"end":{"line":149,"column":null}},"56":{"start":{"line":115,"column":8},"end":{"line":148,"column":null}},"57":{"start":{"line":116,"column":25},"end":{"line":116,"column":null}},"58":{"start":{"line":117,"column":10},"end":{"line":117,"column":null}},"59":{"start":{"line":119,"column":10},"end":{"line":121,"column":null}},"60":{"start":{"line":120,"column":12},"end":{"line":120,"column":null}},"61":{"start":{"line":123,"column":10},"end":{"line":125,"column":null}},"62":{"start":{"line":124,"column":12},"end":{"line":124,"column":null}},"63":{"start":{"line":127,"column":10},"end":{"line":129,"column":null}},"64":{"start":{"line":128,"column":12},"end":{"line":128,"column":null}},"65":{"start":{"line":131,"column":10},"end":{"line":143,"column":null}},"66":{"start":{"line":132,"column":12},"end":{"line":132,"column":null}},"67":{"start":{"line":133,"column":12},"end":{"line":133,"column":null}},"68":{"start":{"line":134,"column":12},"end":{"line":139,"column":null}},"69":{"start":{"line":135,"column":14},"end":{"line":135,"column":null}},"70":{"start":{"line":136,"column":14},"end":{"line":136,"column":null}},"71":{"start":{"line":138,"column":14},"end":{"line":138,"column":null}},"72":{"start":{"line":140,"column":12},"end":{"line":140,"column":null}},"73":{"start":{"line":141,"column":12},"end":{"line":141,"column":null}},"74":{"start":{"line":142,"column":12},"end":{"line":142,"column":null}},"75":{"start":{"line":145,"column":10},"end":{"line":145,"column":null}},"76":{"start":{"line":146,"column":10},"end":{"line":146,"column":null}},"77":{"start":{"line":147,"column":10},"end":{"line":147,"column":null}},"78":{"start":{"line":150,"column":6},"end":{"line":150,"column":null}},"79":{"start":{"line":150,"column":19},"end":{"line":150,"column":null}},"80":{"start":{"line":154,"column":2},"end":{"line":180,"column":null}},"81":{"start":{"line":155,"column":20},"end":{"line":155,"column":null}},"82":{"start":{"line":156,"column":4},"end":{"line":179,"column":null}},"83":{"start":{"line":157,"column":23},"end":{"line":177,"column":null}},"84":{"start":{"line":158,"column":8},"end":{"line":176,"column":null}},"85":{"start":{"line":159,"column":10},"end":{"line":175,"column":null}},"86":{"start":{"line":160,"column":27},"end":{"line":160,"column":null}},"87":{"start":{"line":161,"column":12},"end":{"line":173,"column":null}},"88":{"start":{"line":162,"column":14},"end":{"line":166,"column":null}},"89":{"start":{"line":163,"column":32},"end":{"line":163,"column":null}},"90":{"start":{"line":164,"column":16},"end":{"line":164,"column":null}},"91":{"start":{"line":165,"column":16},"end":{"line":165,"column":null}},"92":{"start":{"line":167,"column":14},"end":{"line":172,"column":null}},"93":{"start":{"line":168,"column":16},"end":{"line":168,"column":null}},"94":{"start":{"line":169,"column":16},"end":{"line":169,"column":null}},"95":{"start":{"line":171,"column":16},"end":{"line":171,"column":null}},"96":{"start":{"line":178,"column":6},"end":{"line":178,"column":null}},"97":{"start":{"line":178,"column":19},"end":{"line":178,"column":null}},"98":{"start":{"line":182,"column":23},"end":{"line":192,"column":null}},"99":{"start":{"line":183,"column":4},"end":{"line":191,"column":null}},"100":{"start":{"line":184,"column":19},"end":{"line":184,"column":null}},"101":{"start":{"line":185,"column":6},"end":{"line":185,"column":null}},"102":{"start":{"line":186,"column":6},"end":{"line":188,"column":null}},"103":{"start":{"line":187,"column":8},"end":{"line":187,"column":null}},"104":{"start":{"line":190,"column":6},"end":{"line":190,"column":null}},"105":{"start":{"line":194,"column":22},"end":{"line":204,"column":null}},"106":{"start":{"line":195,"column":4},"end":{"line":203,"column":null}},"107":{"start":{"line":196,"column":19},"end":{"line":196,"column":null}},"108":{"start":{"line":197,"column":6},"end":{"line":197,"column":null}},"109":{"start":{"line":198,"column":6},"end":{"line":200,"column":null}},"110":{"start":{"line":199,"column":8},"end":{"line":199,"column":null}},"111":{"start":{"line":202,"column":6},"end":{"line":202,"column":null}},"112":{"start":{"line":206,"column":30},"end":{"line":217,"column":null}},"113":{"start":{"line":207,"column":4},"end":{"line":216,"column":null}},"114":{"start":{"line":208,"column":19},"end":{"line":208,"column":null}},"115":{"start":{"line":209,"column":6},"end":{"line":212,"column":null}},"116":{"start":{"line":214,"column":6},"end":{"line":214,"column":null}},"117":{"start":{"line":215,"column":6},"end":{"line":215,"column":null}},"118":{"start":{"line":219,"column":19},"end":{"line":235,"column":null}},"119":{"start":{"line":220,"column":4},"end":{"line":220,"column":null}},"120":{"start":{"line":220,"column":28},"end":{"line":220,"column":null}},"121":{"start":{"line":221,"column":4},"end":{"line":221,"column":null}},"122":{"start":{"line":222,"column":4},"end":{"line":234,"column":null}},"123":{"start":{"line":223,"column":21},"end":{"line":223,"column":null}},"124":{"start":{"line":224,"column":19},"end":{"line":224,"column":null}},"125":{"start":{"line":225,"column":6},"end":{"line":225,"column":null}},"126":{"start":{"line":226,"column":6},"end":{"line":226,"column":null}},"127":{"start":{"line":229,"column":6},"end":{"line":229,"column":null}},"128":{"start":{"line":231,"column":6},"end":{"line":231,"column":null}},"129":{"start":{"line":233,"column":6},"end":{"line":233,"column":null}},"130":{"start":{"line":237,"column":27},"end":{"line":255,"column":null}},"131":{"start":{"line":238,"column":4},"end":{"line":254,"column":null}},"132":{"start":{"line":239,"column":6},"end":{"line":253,"column":null}},"133":{"start":{"line":240,"column":8},"end":{"line":240,"column":null}},"134":{"start":{"line":240,"column":37},"end":{"line":240,"column":null}},"135":{"start":{"line":241,"column":8},"end":{"line":252,"column":null}},"136":{"start":{"line":242,"column":25},"end":{"line":242,"column":null}},"137":{"start":{"line":243,"column":10},"end":{"line":243,"column":null}},"138":{"start":{"line":243,"column":34},"end":{"line":243,"column":null}},"139":{"start":{"line":245,"column":10},"end":{"line":245,"column":null}},"140":{"start":{"line":247,"column":10},"end":{"line":251,"column":null}},"141":{"start":{"line":248,"column":28},"end":{"line":248,"column":null}},"142":{"start":{"line":249,"column":12},"end":{"line":249,"column":null}},"143":{"start":{"line":250,"column":12},"end":{"line":250,"column":null}},"144":{"start":{"line":257,"column":23},"end":{"line":281,"column":null}},"145":{"start":{"line":258,"column":4},"end":{"line":261,"column":null}},"146":{"start":{"line":259,"column":6},"end":{"line":259,"column":null}},"147":{"start":{"line":260,"column":6},"end":{"line":260,"column":null}},"148":{"start":{"line":263,"column":4},"end":{"line":266,"column":null}},"149":{"start":{"line":264,"column":6},"end":{"line":264,"column":null}},"150":{"start":{"line":265,"column":6},"end":{"line":265,"column":null}},"151":{"start":{"line":268,"column":4},"end":{"line":268,"column":null}},"152":{"start":{"line":269,"column":4},"end":{"line":269,"column":null}},"153":{"start":{"line":270,"column":4},"end":{"line":270,"column":null}},"154":{"start":{"line":271,"column":4},"end":{"line":280,"column":null}},"155":{"start":{"line":272,"column":21},"end":{"line":272,"column":null}},"156":{"start":{"line":273,"column":6},"end":{"line":273,"column":null}},"157":{"start":{"line":274,"column":6},"end":{"line":274,"column":null}},"158":{"start":{"line":276,"column":22},"end":{"line":276,"column":null}},"159":{"start":{"line":277,"column":6},"end":{"line":277,"column":null}},"160":{"start":{"line":278,"column":6},"end":{"line":278,"column":null}},"161":{"start":{"line":279,"column":6},"end":{"line":279,"column":null}},"162":{"start":{"line":283,"column":23},"end":{"line":307,"column":null}},"163":{"start":{"line":284,"column":4},"end":{"line":287,"column":null}},"164":{"start":{"line":285,"column":6},"end":{"line":285,"column":null}},"165":{"start":{"line":286,"column":6},"end":{"line":286,"column":null}},"166":{"start":{"line":289,"column":4},"end":{"line":289,"column":null}},"167":{"start":{"line":289,"column":29},"end":{"line":289,"column":null}},"168":{"start":{"line":290,"column":4},"end":{"line":306,"column":null}},"169":{"start":{"line":291,"column":21},"end":{"line":291,"column":null}},"170":{"start":{"line":292,"column":6},"end":{"line":295,"column":null}},"171":{"start":{"line":292,"column":34},"end":{"line":295,"column":null}},"172":{"start":{"line":296,"column":6},"end":{"line":296,"column":null}},"173":{"start":{"line":298,"column":22},"end":{"line":298,"column":null}},"174":{"start":{"line":299,"column":6},"end":{"line":299,"column":null}},"175":{"start":{"line":301,"column":6},"end":{"line":305,"column":null}},"176":{"start":{"line":302,"column":24},"end":{"line":302,"column":null}},"177":{"start":{"line":303,"column":8},"end":{"line":303,"column":null}},"178":{"start":{"line":304,"column":8},"end":{"line":304,"column":null}},"179":{"start":{"line":309,"column":34},"end":{"line":333,"column":null}},"180":{"start":{"line":310,"column":4},"end":{"line":313,"column":null}},"181":{"start":{"line":311,"column":6},"end":{"line":311,"column":null}},"182":{"start":{"line":312,"column":6},"end":{"line":312,"column":null}},"183":{"start":{"line":315,"column":4},"end":{"line":315,"column":null}},"184":{"start":{"line":315,"column":40},"end":{"line":315,"column":null}},"185":{"start":{"line":316,"column":4},"end":{"line":332,"column":null}},"186":{"start":{"line":317,"column":21},"end":{"line":317,"column":null}},"187":{"start":{"line":318,"column":6},"end":{"line":321,"column":null}},"188":{"start":{"line":318,"column":34},"end":{"line":321,"column":null}},"189":{"start":{"line":322,"column":6},"end":{"line":322,"column":null}},"190":{"start":{"line":324,"column":22},"end":{"line":324,"column":null}},"191":{"start":{"line":325,"column":6},"end":{"line":325,"column":null}},"192":{"start":{"line":327,"column":6},"end":{"line":331,"column":null}},"193":{"start":{"line":328,"column":24},"end":{"line":328,"column":null}},"194":{"start":{"line":329,"column":8},"end":{"line":329,"column":null}},"195":{"start":{"line":330,"column":8},"end":{"line":330,"column":null}},"196":{"start":{"line":335,"column":22},"end":{"line":358,"column":null}},"197":{"start":{"line":336,"column":27},"end":{"line":336,"column":49}},"198":{"start":{"line":338,"column":4},"end":{"line":338,"column":null}},"199":{"start":{"line":338,"column":28},"end":{"line":338,"column":null}},"200":{"start":{"line":339,"column":4},"end":{"line":339,"column":null}},"201":{"start":{"line":341,"column":4},"end":{"line":357,"column":null}},"202":{"start":{"line":342,"column":21},"end":{"line":342,"column":null}},"203":{"start":{"line":343,"column":6},"end":{"line":346,"column":null}},"204":{"start":{"line":343,"column":35},"end":{"line":346,"column":null}},"205":{"start":{"line":347,"column":6},"end":{"line":347,"column":null}},"206":{"start":{"line":349,"column":22},"end":{"line":349,"column":null}},"207":{"start":{"line":350,"column":6},"end":{"line":350,"column":null}},"208":{"start":{"line":352,"column":6},"end":{"line":356,"column":null}},"209":{"start":{"line":353,"column":24},"end":{"line":353,"column":null}},"210":{"start":{"line":354,"column":8},"end":{"line":354,"column":null}},"211":{"start":{"line":355,"column":8},"end":{"line":355,"column":null}},"212":{"start":{"line":360,"column":24},"end":{"line":373,"column":null}},"213":{"start":{"line":361,"column":4},"end":{"line":372,"column":null}},"214":{"start":{"line":375,"column":25},"end":{"line":383,"column":null}},"215":{"start":{"line":376,"column":43},"end":{"line":381,"column":null}},"216":{"start":{"line":382,"column":4},"end":{"line":382,"column":null}},"217":{"start":{"line":385,"column":29},"end":{"line":390,"column":null}},"218":{"start":{"line":386,"column":4},"end":{"line":386,"column":null}},"219":{"start":{"line":386,"column":21},"end":{"line":386,"column":null}},"220":{"start":{"line":387,"column":4},"end":{"line":387,"column":null}},"221":{"start":{"line":387,"column":21},"end":{"line":387,"column":null}},"222":{"start":{"line":388,"column":4},"end":{"line":388,"column":null}},"223":{"start":{"line":388,"column":21},"end":{"line":388,"column":null}},"224":{"start":{"line":389,"column":4},"end":{"line":389,"column":null}},"225":{"start":{"line":392,"column":21},"end":{"line":397,"column":null}},"226":{"start":{"line":393,"column":4},"end":{"line":396,"column":null}},"227":{"start":{"line":399,"column":21},"end":{"line":399,"column":null}},"228":{"start":{"line":400,"column":29},"end":{"line":400,"column":null}},"229":{"start":{"line":402,"column":27},"end":{"line":426,"column":null}},"230":{"start":{"line":403,"column":4},"end":{"line":403,"column":null}},"231":{"start":{"line":403,"column":25},"end":{"line":403,"column":null}},"232":{"start":{"line":408,"column":25},"end":{"line":408,"column":null}},"233":{"start":{"line":408,"column":45},"end":{"line":408,"column":null}},"234":{"start":{"line":418,"column":25},"end":{"line":418,"column":null}},"235":{"start":{"line":418,"column":45},"end":{"line":418,"column":null}},"236":{"start":{"line":503,"column":33},"end":{"line":503,"column":null}},"237":{"start":{"line":509,"column":18},"end":{"line":509,"column":43}},"238":{"start":{"line":521,"column":33},"end":{"line":521,"column":null}},"239":{"start":{"line":572,"column":35},"end":{"line":572,"column":null}},"240":{"start":{"line":573,"column":36},"end":{"line":573,"column":null}},"241":{"start":{"line":574,"column":47},"end":{"line":574,"column":null}},"242":{"start":{"line":575,"column":36},"end":{"line":575,"column":61}},"243":{"start":{"line":576,"column":34},"end":{"line":576,"column":null}},"244":{"start":{"line":577,"column":33},"end":{"line":577,"column":59}},"245":{"start":{"line":578,"column":30},"end":{"line":578,"column":68}},"246":{"start":{"line":579,"column":43},"end":{"line":579,"column":null}},"247":{"start":{"line":581,"column":16},"end":{"line":582,"column":36}},"248":{"start":{"line":649,"column":39},"end":{"line":649,"column":null}},"249":{"start":{"line":658,"column":39},"end":{"line":658,"column":null}},"250":{"start":{"line":676,"column":30},"end":{"line":676,"column":null}},"251":{"start":{"line":677,"column":30},"end":{"line":677,"column":null}},"252":{"start":{"line":690,"column":39},"end":{"line":690,"column":null}},"253":{"start":{"line":708,"column":30},"end":{"line":708,"column":null}},"254":{"start":{"line":709,"column":30},"end":{"line":709,"column":null}},"255":{"start":{"line":723,"column":41},"end":{"line":723,"column":null}},"256":{"start":{"line":778,"column":33},"end":{"line":778,"column":null}},"257":{"start":{"line":784,"column":33},"end":{"line":784,"column":null}},"258":{"start":{"line":805,"column":35},"end":{"line":805,"column":null}},"259":{"start":{"line":854,"column":35},"end":{"line":854,"column":null}},"260":{"start":{"line":875,"column":35},"end":{"line":875,"column":null}},"261":{"start":{"line":891,"column":35},"end":{"line":893,"column":null}},"262":{"start":{"line":894,"column":22},"end":{"line":894,"column":null}},"263":{"start":{"line":895,"column":22},"end":{"line":895,"column":null}},"264":{"start":{"line":902,"column":35},"end":{"line":902,"column":null}}},"fnMap":{"0":{"name":"JobsContent","decl":{"start":{"line":52,"column":9},"end":{"line":52,"column":null}},"loc":{"start":{"line":52,"column":9},"end":{"line":915,"column":null}}},"1":{"name":"(anonymous_3)","decl":{"start":{"line":87,"column":12},"end":{"line":87,"column":null}},"loc":{"start":{"line":87,"column":12},"end":{"line":91,"column":5}}},"2":{"name":"(anonymous_4)","decl":{"start":{"line":93,"column":12},"end":{"line":93,"column":null}},"loc":{"start":{"line":93,"column":12},"end":{"line":100,"column":5}}},"3":{"name":"(anonymous_5)","decl":{"start":{"line":95,"column":36},"end":{"line":95,"column":41}},"loc":{"start":{"line":95,"column":41},"end":{"line":95,"column":null}}},"4":{"name":"(anonymous_6)","decl":{"start":{"line":102,"column":12},"end":{"line":102,"column":null}},"loc":{"start":{"line":102,"column":12},"end":{"line":106,"column":5}}},"5":{"name":"(anonymous_7)","decl":{"start":{"line":108,"column":12},"end":{"line":108,"column":null}},"loc":{"start":{"line":108,"column":12},"end":{"line":110,"column":5}}},"6":{"name":"(anonymous_8)","decl":{"start":{"line":112,"column":12},"end":{"line":112,"column":null}},"loc":{"start":{"line":112,"column":12},"end":{"line":152,"column":5}}},"7":{"name":"(anonymous_9)","decl":{"start":{"line":114,"column":35},"end":{"line":114,"column":null}},"loc":{"start":{"line":114,"column":35},"end":{"line":149,"column":9}}},"8":{"name":"(anonymous_10)","decl":{"start":{"line":150,"column":13},"end":{"line":150,"column":19}},"loc":{"start":{"line":150,"column":19},"end":{"line":150,"column":null}}},"9":{"name":"(anonymous_11)","decl":{"start":{"line":154,"column":12},"end":{"line":154,"column":null}},"loc":{"start":{"line":154,"column":12},"end":{"line":180,"column":5}}},"10":{"name":"(anonymous_12)","decl":{"start":{"line":157,"column":35},"end":{"line":157,"column":null}},"loc":{"start":{"line":157,"column":35},"end":{"line":177,"column":9}}},"11":{"name":"(anonymous_13)","decl":{"start":{"line":162,"column":34},"end":{"line":162,"column":null}},"loc":{"start":{"line":162,"column":34},"end":{"line":166,"column":null}}},"12":{"name":"(anonymous_14)","decl":{"start":{"line":178,"column":13},"end":{"line":178,"column":19}},"loc":{"start":{"line":178,"column":19},"end":{"line":178,"column":null}}},"13":{"name":"(anonymous_15)","decl":{"start":{"line":182,"column":23},"end":{"line":182,"column":null}},"loc":{"start":{"line":182,"column":23},"end":{"line":192,"column":null}}},"14":{"name":"(anonymous_16)","decl":{"start":{"line":194,"column":22},"end":{"line":194,"column":null}},"loc":{"start":{"line":194,"column":22},"end":{"line":204,"column":null}}},"15":{"name":"(anonymous_17)","decl":{"start":{"line":206,"column":30},"end":{"line":206,"column":null}},"loc":{"start":{"line":206,"column":30},"end":{"line":217,"column":null}}},"16":{"name":"(anonymous_18)","decl":{"start":{"line":219,"column":19},"end":{"line":219,"column":null}},"loc":{"start":{"line":219,"column":19},"end":{"line":235,"column":null}}},"17":{"name":"(anonymous_19)","decl":{"start":{"line":237,"column":27},"end":{"line":237,"column":34}},"loc":{"start":{"line":237,"column":34},"end":{"line":255,"column":null}}},"18":{"name":"(anonymous_20)","decl":{"start":{"line":240,"column":29},"end":{"line":240,"column":37}},"loc":{"start":{"line":240,"column":37},"end":{"line":240,"column":null}}},"19":{"name":"(anonymous_21)","decl":{"start":{"line":243,"column":25},"end":{"line":243,"column":34}},"loc":{"start":{"line":243,"column":34},"end":{"line":243,"column":null}}},"20":{"name":"(anonymous_22)","decl":{"start":{"line":247,"column":31},"end":{"line":247,"column":null}},"loc":{"start":{"line":247,"column":31},"end":{"line":251,"column":null}}},"21":{"name":"(anonymous_23)","decl":{"start":{"line":257,"column":23},"end":{"line":257,"column":null}},"loc":{"start":{"line":257,"column":23},"end":{"line":281,"column":null}}},"22":{"name":"(anonymous_24)","decl":{"start":{"line":283,"column":23},"end":{"line":283,"column":30}},"loc":{"start":{"line":283,"column":30},"end":{"line":307,"column":null}}},"23":{"name":"(anonymous_25)","decl":{"start":{"line":289,"column":21},"end":{"line":289,"column":29}},"loc":{"start":{"line":289,"column":29},"end":{"line":289,"column":null}}},"24":{"name":"(anonymous_26)","decl":{"start":{"line":292,"column":25},"end":{"line":292,"column":34}},"loc":{"start":{"line":292,"column":34},"end":{"line":295,"column":null}}},"25":{"name":"(anonymous_27)","decl":{"start":{"line":301,"column":23},"end":{"line":301,"column":null}},"loc":{"start":{"line":301,"column":23},"end":{"line":305,"column":null}}},"26":{"name":"(anonymous_28)","decl":{"start":{"line":309,"column":34},"end":{"line":309,"column":41}},"loc":{"start":{"line":309,"column":41},"end":{"line":333,"column":null}}},"27":{"name":"(anonymous_29)","decl":{"start":{"line":315,"column":32},"end":{"line":315,"column":40}},"loc":{"start":{"line":315,"column":40},"end":{"line":315,"column":null}}},"28":{"name":"(anonymous_30)","decl":{"start":{"line":318,"column":25},"end":{"line":318,"column":34}},"loc":{"start":{"line":318,"column":34},"end":{"line":321,"column":null}}},"29":{"name":"(anonymous_31)","decl":{"start":{"line":327,"column":34},"end":{"line":327,"column":null}},"loc":{"start":{"line":327,"column":34},"end":{"line":331,"column":null}}},"30":{"name":"(anonymous_32)","decl":{"start":{"line":335,"column":22},"end":{"line":335,"column":29}},"loc":{"start":{"line":335,"column":29},"end":{"line":358,"column":null}}},"31":{"name":"(anonymous_33)","decl":{"start":{"line":338,"column":20},"end":{"line":338,"column":28}},"loc":{"start":{"line":338,"column":28},"end":{"line":338,"column":null}}},"32":{"name":"(anonymous_34)","decl":{"start":{"line":343,"column":26},"end":{"line":343,"column":35}},"loc":{"start":{"line":343,"column":35},"end":{"line":346,"column":null}}},"33":{"name":"(anonymous_35)","decl":{"start":{"line":352,"column":22},"end":{"line":352,"column":null}},"loc":{"start":{"line":352,"column":22},"end":{"line":356,"column":null}}},"34":{"name":"(anonymous_36)","decl":{"start":{"line":360,"column":24},"end":{"line":360,"column":25}},"loc":{"start":{"line":360,"column":25},"end":{"line":373,"column":null}}},"35":{"name":"(anonymous_37)","decl":{"start":{"line":375,"column":25},"end":{"line":375,"column":26}},"loc":{"start":{"line":375,"column":26},"end":{"line":383,"column":null}}},"36":{"name":"(anonymous_38)","decl":{"start":{"line":385,"column":29},"end":{"line":385,"column":30}},"loc":{"start":{"line":385,"column":30},"end":{"line":390,"column":null}}},"37":{"name":"(anonymous_39)","decl":{"start":{"line":392,"column":21},"end":{"line":392,"column":22}},"loc":{"start":{"line":392,"column":22},"end":{"line":397,"column":null}}},"38":{"name":"(anonymous_40)","decl":{"start":{"line":402,"column":27},"end":{"line":402,"column":null}},"loc":{"start":{"line":402,"column":27},"end":{"line":426,"column":null}}},"39":{"name":"(anonymous_41)","decl":{"start":{"line":408,"column":19},"end":{"line":408,"column":25}},"loc":{"start":{"line":408,"column":25},"end":{"line":408,"column":null}}},"40":{"name":"(anonymous_42)","decl":{"start":{"line":408,"column":40},"end":{"line":408,"column":45}},"loc":{"start":{"line":408,"column":45},"end":{"line":408,"column":null}}},"41":{"name":"(anonymous_43)","decl":{"start":{"line":418,"column":19},"end":{"line":418,"column":25}},"loc":{"start":{"line":418,"column":25},"end":{"line":418,"column":null}}},"42":{"name":"(anonymous_44)","decl":{"start":{"line":418,"column":40},"end":{"line":418,"column":45}},"loc":{"start":{"line":418,"column":45},"end":{"line":418,"column":null}}},"43":{"name":"(anonymous_45)","decl":{"start":{"line":503,"column":26},"end":{"line":503,"column":27}},"loc":{"start":{"line":503,"column":33},"end":{"line":503,"column":null}}},"44":{"name":"(anonymous_46)","decl":{"start":{"line":508,"column":30},"end":{"line":508,"column":31}},"loc":{"start":{"line":509,"column":18},"end":{"line":509,"column":43}}},"45":{"name":"(anonymous_47)","decl":{"start":{"line":521,"column":26},"end":{"line":521,"column":27}},"loc":{"start":{"line":521,"column":33},"end":{"line":521,"column":null}}},"46":{"name":"(anonymous_48)","decl":{"start":{"line":571,"column":24},"end":{"line":571,"column":25}},"loc":{"start":{"line":571,"column":25},"end":{"line":762,"column":null}}},"47":{"name":"(anonymous_49)","decl":{"start":{"line":649,"column":33},"end":{"line":649,"column":39}},"loc":{"start":{"line":649,"column":39},"end":{"line":649,"column":null}}},"48":{"name":"(anonymous_50)","decl":{"start":{"line":658,"column":33},"end":{"line":658,"column":39}},"loc":{"start":{"line":658,"column":39},"end":{"line":658,"column":null}}},"49":{"name":"(anonymous_51)","decl":{"start":{"line":675,"column":43},"end":{"line":675,"column":44}},"loc":{"start":{"line":675,"column":44},"end":{"line":678,"column":31}}},"50":{"name":"(anonymous_52)","decl":{"start":{"line":690,"column":33},"end":{"line":690,"column":39}},"loc":{"start":{"line":690,"column":39},"end":{"line":690,"column":null}}},"51":{"name":"(anonymous_53)","decl":{"start":{"line":707,"column":43},"end":{"line":707,"column":44}},"loc":{"start":{"line":707,"column":44},"end":{"line":710,"column":31}}},"52":{"name":"(anonymous_54)","decl":{"start":{"line":723,"column":35},"end":{"line":723,"column":41}},"loc":{"start":{"line":723,"column":41},"end":{"line":723,"column":null}}},"53":{"name":"(anonymous_55)","decl":{"start":{"line":778,"column":27},"end":{"line":778,"column":33}},"loc":{"start":{"line":778,"column":33},"end":{"line":778,"column":null}}},"54":{"name":"(anonymous_56)","decl":{"start":{"line":784,"column":27},"end":{"line":784,"column":33}},"loc":{"start":{"line":784,"column":33},"end":{"line":784,"column":null}}},"55":{"name":"(anonymous_57)","decl":{"start":{"line":805,"column":29},"end":{"line":805,"column":35}},"loc":{"start":{"line":805,"column":35},"end":{"line":805,"column":null}}},"56":{"name":"(anonymous_58)","decl":{"start":{"line":854,"column":29},"end":{"line":854,"column":35}},"loc":{"start":{"line":854,"column":35},"end":{"line":854,"column":null}}},"57":{"name":"(anonymous_59)","decl":{"start":{"line":875,"column":29},"end":{"line":875,"column":35}},"loc":{"start":{"line":875,"column":35},"end":{"line":875,"column":null}}},"58":{"name":"(anonymous_60)","decl":{"start":{"line":890,"column":29},"end":{"line":890,"column":null}},"loc":{"start":{"line":890,"column":29},"end":{"line":896,"column":null}}},"59":{"name":"(anonymous_61)","decl":{"start":{"line":902,"column":29},"end":{"line":902,"column":35}},"loc":{"start":{"line":902,"column":35},"end":{"line":902,"column":null}}},"60":{"name":"JobsPage","decl":{"start":{"line":917,"column":24},"end":{"line":917,"column":null}},"loc":{"start":{"line":917,"column":24},"end":{"line":929,"column":null}}}},"branchMap":{"0":{"loc":{"start":{"line":57,"column":69},"end":{"line":57,"column":null}},"type":"binary-expr","locations":[{"start":{"line":57,"column":69},"end":{"line":57,"column":89}},{"start":{"line":57,"column":89},"end":{"line":57,"column":null}}]},"1":{"loc":{"start":{"line":94,"column":4},"end":{"line":99,"column":null}},"type":"if","locations":[{"start":{"line":94,"column":4},"end":{"line":99,"column":null}}]},"2":{"loc":{"start":{"line":96,"column":25},"end":{"line":96,"column":null}},"type":"binary-expr","locations":[{"start":{"line":96,"column":25},"end":{"line":96,"column":36}},{"start":{"line":96,"column":36},"end":{"line":96,"column":null}}]},"3":{"loc":{"start":{"line":103,"column":4},"end":{"line":105,"column":null}},"type":"if","locations":[{"start":{"line":103,"column":4},"end":{"line":105,"column":null}}]},"4":{"loc":{"start":{"line":113,"column":4},"end":{"line":151,"column":null}},"type":"if","locations":[{"start":{"line":113,"column":4},"end":{"line":151,"column":null}}]},"5":{"loc":{"start":{"line":113,"column":8},"end":{"line":113,"column":73}},"type":"binary-expr","locations":[{"start":{"line":113,"column":8},"end":{"line":113,"column":19}},{"start":{"line":113,"column":19},"end":{"line":113,"column":47}},{"start":{"line":113,"column":47},"end":{"line":113,"column":69}}]},"6":{"loc":{"start":{"line":119,"column":10},"end":{"line":121,"column":null}},"type":"if","locations":[{"start":{"line":119,"column":10},"end":{"line":121,"column":null}}]},"7":{"loc":{"start":{"line":123,"column":10},"end":{"line":125,"column":null}},"type":"if","locations":[{"start":{"line":123,"column":10},"end":{"line":125,"column":null}}]},"8":{"loc":{"start":{"line":127,"column":10},"end":{"line":129,"column":null}},"type":"if","locations":[{"start":{"line":127,"column":10},"end":{"line":129,"column":null}}]},"9":{"loc":{"start":{"line":131,"column":10},"end":{"line":143,"column":null}},"type":"if","locations":[{"start":{"line":131,"column":10},"end":{"line":143,"column":null}}]},"10":{"loc":{"start":{"line":131,"column":14},"end":{"line":131,"column":75}},"type":"binary-expr","locations":[{"start":{"line":131,"column":14},"end":{"line":131,"column":47}},{"start":{"line":131,"column":47},"end":{"line":131,"column":75}}]},"11":{"loc":{"start":{"line":134,"column":12},"end":{"line":139,"column":null}},"type":"if","locations":[{"start":{"line":134,"column":12},"end":{"line":139,"column":null}},{"start":{"line":137,"column":19},"end":{"line":139,"column":null}}]},"12":{"loc":{"start":{"line":138,"column":26},"end":{"line":138,"column":null}},"type":"binary-expr","locations":[{"start":{"line":138,"column":26},"end":{"line":138,"column":40}},{"start":{"line":138,"column":44},"end":{"line":138,"column":null}}]},"13":{"loc":{"start":{"line":156,"column":4},"end":{"line":179,"column":null}},"type":"if","locations":[{"start":{"line":156,"column":4},"end":{"line":179,"column":null}}]},"14":{"loc":{"start":{"line":161,"column":12},"end":{"line":173,"column":null}},"type":"if","locations":[{"start":{"line":161,"column":12},"end":{"line":173,"column":null}}]},"15":{"loc":{"start":{"line":161,"column":16},"end":{"line":161,"column":77}},"type":"binary-expr","locations":[{"start":{"line":161,"column":16},"end":{"line":161,"column":49}},{"start":{"line":161,"column":49},"end":{"line":161,"column":77}}]},"16":{"loc":{"start":{"line":167,"column":14},"end":{"line":172,"column":null}},"type":"if","locations":[{"start":{"line":167,"column":14},"end":{"line":172,"column":null}},{"start":{"line":170,"column":21},"end":{"line":172,"column":null}}]},"17":{"loc":{"start":{"line":186,"column":6},"end":{"line":188,"column":null}},"type":"if","locations":[{"start":{"line":186,"column":6},"end":{"line":188,"column":null}}]},"18":{"loc":{"start":{"line":186,"column":10},"end":{"line":186,"column":49}},"type":"binary-expr","locations":[{"start":{"line":186,"column":10},"end":{"line":186,"column":29}},{"start":{"line":186,"column":29},"end":{"line":186,"column":49}}]},"19":{"loc":{"start":{"line":198,"column":6},"end":{"line":200,"column":null}},"type":"if","locations":[{"start":{"line":198,"column":6},"end":{"line":200,"column":null}}]},"20":{"loc":{"start":{"line":210,"column":19},"end":{"line":210,"column":null}},"type":"binary-expr","locations":[{"start":{"line":210,"column":19},"end":{"line":210,"column":46}},{"start":{"line":210,"column":46},"end":{"line":210,"column":null}}]},"21":{"loc":{"start":{"line":220,"column":4},"end":{"line":220,"column":null}},"type":"if","locations":[{"start":{"line":220,"column":4},"end":{"line":220,"column":null}}]},"22":{"loc":{"start":{"line":224,"column":57},"end":{"line":224,"column":84}},"type":"binary-expr","locations":[{"start":{"line":224,"column":57},"end":{"line":224,"column":73}},{"start":{"line":224,"column":73},"end":{"line":224,"column":84}}]},"23":{"loc":{"start":{"line":225,"column":14},"end":{"line":225,"column":29}},"type":"binary-expr","locations":[{"start":{"line":225,"column":14},"end":{"line":225,"column":23}},{"start":{"line":225,"column":27},"end":{"line":225,"column":29}}]},"24":{"loc":{"start":{"line":226,"column":19},"end":{"line":226,"column":null}},"type":"binary-expr","locations":[{"start":{"line":226,"column":19},"end":{"line":226,"column":29}},{"start":{"line":226,"column":33},"end":{"line":226,"column":null}}]},"25":{"loc":{"start":{"line":229,"column":23},"end":{"line":229,"column":38}},"type":"binary-expr","locations":[{"start":{"line":229,"column":23},"end":{"line":229,"column":32}},{"start":{"line":229,"column":36},"end":{"line":229,"column":38}}]},"26":{"loc":{"start":{"line":239,"column":6},"end":{"line":253,"column":null}},"type":"if","locations":[{"start":{"line":239,"column":6},"end":{"line":253,"column":null}}]},"27":{"loc":{"start":{"line":239,"column":10},"end":{"line":239,"column":62}},"type":"binary-expr","locations":[{"start":{"line":239,"column":10},"end":{"line":239,"column":26}},{"start":{"line":239,"column":30},"end":{"line":239,"column":62}}]},"28":{"loc":{"start":{"line":258,"column":4},"end":{"line":261,"column":null}},"type":"if","locations":[{"start":{"line":258,"column":4},"end":{"line":261,"column":null}}]},"29":{"loc":{"start":{"line":263,"column":4},"end":{"line":266,"column":null}},"type":"if","locations":[{"start":{"line":263,"column":4},"end":{"line":266,"column":null}}]},"30":{"loc":{"start":{"line":276,"column":22},"end":{"line":276,"column":null}},"type":"binary-expr","locations":[{"start":{"line":276,"column":22},"end":{"line":276,"column":54}},{"start":{"line":276,"column":54},"end":{"line":276,"column":null}}]},"31":{"loc":{"start":{"line":284,"column":4},"end":{"line":287,"column":null}},"type":"if","locations":[{"start":{"line":284,"column":4},"end":{"line":287,"column":null}}]},"32":{"loc":{"start":{"line":298,"column":22},"end":{"line":298,"column":null}},"type":"binary-expr","locations":[{"start":{"line":298,"column":22},"end":{"line":298,"column":54}},{"start":{"line":298,"column":54},"end":{"line":298,"column":null}}]},"33":{"loc":{"start":{"line":310,"column":4},"end":{"line":313,"column":null}},"type":"if","locations":[{"start":{"line":310,"column":4},"end":{"line":313,"column":null}}]},"34":{"loc":{"start":{"line":324,"column":22},"end":{"line":324,"column":null}},"type":"binary-expr","locations":[{"start":{"line":324,"column":22},"end":{"line":324,"column":54}},{"start":{"line":324,"column":54},"end":{"line":324,"column":null}}]},"35":{"loc":{"start":{"line":349,"column":22},"end":{"line":349,"column":null}},"type":"binary-expr","locations":[{"start":{"line":349,"column":22},"end":{"line":349,"column":54}},{"start":{"line":349,"column":54},"end":{"line":349,"column":null}}]},"36":{"loc":{"start":{"line":382,"column":11},"end":{"line":382,"column":46}},"type":"binary-expr","locations":[{"start":{"line":382,"column":11},"end":{"line":382,"column":25}},{"start":{"line":382,"column":29},"end":{"line":382,"column":46}}]},"37":{"loc":{"start":{"line":386,"column":4},"end":{"line":386,"column":null}},"type":"if","locations":[{"start":{"line":386,"column":4},"end":{"line":386,"column":null}}]},"38":{"loc":{"start":{"line":387,"column":4},"end":{"line":387,"column":null}},"type":"if","locations":[{"start":{"line":387,"column":4},"end":{"line":387,"column":null}}]},"39":{"loc":{"start":{"line":388,"column":4},"end":{"line":388,"column":null}},"type":"if","locations":[{"start":{"line":388,"column":4},"end":{"line":388,"column":null}}]},"40":{"loc":{"start":{"line":400,"column":29},"end":{"line":400,"column":null}},"type":"binary-expr","locations":[{"start":{"line":400,"column":29},"end":{"line":400,"column":44}},{"start":{"line":400,"column":44},"end":{"line":400,"column":72}},{"start":{"line":400,"column":72},"end":{"line":400,"column":null}}]},"41":{"loc":{"start":{"line":403,"column":4},"end":{"line":403,"column":null}},"type":"if","locations":[{"start":{"line":403,"column":4},"end":{"line":403,"column":null}}]},"42":{"loc":{"start":{"line":438,"column":14},"end":{"line":443,"column":15}},"type":"cond-expr","locations":[{"start":{"line":438,"column":14},"end":{"line":443,"column":15}}]},"43":{"loc":{"start":{"line":449,"column":24},"end":{"line":449,"column":null}},"type":"binary-expr","locations":[{"start":{"line":449,"column":24},"end":{"line":449,"column":46}},{"start":{"line":449,"column":46},"end":{"line":449,"column":null}}]},"44":{"loc":{"start":{"line":453,"column":16},"end":{"line":458,"column":null}},"type":"cond-expr","locations":[{"start":{"line":453,"column":16},"end":{"line":458,"column":null}}]},"45":{"loc":{"start":{"line":467,"column":9},"end":{"line":467,"column":null}},"type":"binary-expr","locations":[{"start":{"line":467,"column":9},"end":{"line":467,"column":null}}]},"46":{"loc":{"start":{"line":481,"column":19},"end":{"line":481,"column":null}},"type":"binary-expr","locations":[{"start":{"line":481,"column":19},"end":{"line":481,"column":null}}]},"47":{"loc":{"start":{"line":535,"column":10},"end":{"line":538,"column":13}},"type":"cond-expr","locations":[{"start":{"line":535,"column":10},"end":{"line":538,"column":13}}]},"48":{"loc":{"start":{"line":539,"column":10},"end":{"line":543,"column":17}},"type":"cond-expr","locations":[{"start":{"line":539,"column":10},"end":{"line":543,"column":17}}]},"49":{"loc":{"start":{"line":544,"column":10},"end":{"line":563,"column":null}},"type":"cond-expr","locations":[{"start":{"line":544,"column":10},"end":{"line":563,"column":null}}]},"50":{"loc":{"start":{"line":548,"column":15},"end":{"line":550,"column":null}},"type":"cond-expr","locations":[{"start":{"line":549,"column":18},"end":{"line":549,"column":null}},{"start":{"line":550,"column":18},"end":{"line":550,"column":null}}]},"51":{"loc":{"start":{"line":552,"column":13},"end":{"line":552,"column":null}},"type":"binary-expr","locations":[{"start":{"line":552,"column":13},"end":{"line":552,"column":null}}]},"52":{"loc":{"start":{"line":566,"column":57},"end":{"line":566,"column":null}},"type":"cond-expr","locations":[{"start":{"line":566,"column":75},"end":{"line":566,"column":81}},{"start":{"line":566,"column":81},"end":{"line":566,"column":null}}]},"53":{"loc":{"start":{"line":567,"column":17},"end":{"line":567,"column":null}},"type":"binary-expr","locations":[{"start":{"line":567,"column":17},"end":{"line":567,"column":39}},{"start":{"line":567,"column":39},"end":{"line":567,"column":null}}]},"54":{"loc":{"start":{"line":578,"column":30},"end":{"line":578,"column":68}},"type":"binary-expr","locations":[{"start":{"line":578,"column":30},"end":{"line":578,"column":49}},{"start":{"line":578,"column":53},"end":{"line":578,"column":68}}]},"55":{"loc":{"start":{"line":593,"column":31},"end":{"line":593,"column":54}},"type":"binary-expr","locations":[{"start":{"line":593,"column":31},"end":{"line":593,"column":54}},{"start":{"line":593,"column":54},"end":{"line":593,"column":null}}]},"56":{"loc":{"start":{"line":602,"column":31},"end":{"line":602,"column":null}},"type":"binary-expr","locations":[{"start":{"line":602,"column":31},"end":{"line":602,"column":null}}]},"57":{"loc":{"start":{"line":621,"column":31},"end":{"line":621,"column":45}},"type":"binary-expr","locations":[{"start":{"line":621,"column":31},"end":{"line":621,"column":45}}]},"58":{"loc":{"start":{"line":659,"column":34},"end":{"line":659,"column":null}},"type":"binary-expr","locations":[{"start":{"line":659,"column":34},"end":{"line":659,"column":49}},{"start":{"line":659,"column":49},"end":{"line":659,"column":null}}]},"59":{"loc":{"start":{"line":662,"column":26},"end":{"line":664,"column":null}},"type":"cond-expr","locations":[{"start":{"line":663,"column":30},"end":{"line":663,"column":null}},{"start":{"line":664,"column":30},"end":{"line":664,"column":null}}]},"60":{"loc":{"start":{"line":668,"column":26},"end":{"line":672,"column":43}},"type":"cond-expr","locations":[{"start":{"line":668,"column":26},"end":{"line":672,"column":43}}]},"61":{"loc":{"start":{"line":673,"column":26},"end":{"line":681,"column":null}},"type":"cond-expr","locations":[{"start":{"line":673,"column":26},"end":{"line":681,"column":null}}]},"62":{"loc":{"start":{"line":691,"column":34},"end":{"line":691,"column":null}},"type":"binary-expr","locations":[{"start":{"line":691,"column":34},"end":{"line":691,"column":60}},{"start":{"line":691,"column":60},"end":{"line":691,"column":null}}]},"63":{"loc":{"start":{"line":694,"column":26},"end":{"line":696,"column":null}},"type":"cond-expr","locations":[{"start":{"line":695,"column":30},"end":{"line":695,"column":null}},{"start":{"line":696,"column":30},"end":{"line":696,"column":null}}]},"64":{"loc":{"start":{"line":700,"column":26},"end":{"line":704,"column":43}},"type":"cond-expr","locations":[{"start":{"line":700,"column":26},"end":{"line":704,"column":43}}]},"65":{"loc":{"start":{"line":705,"column":26},"end":{"line":713,"column":null}},"type":"cond-expr","locations":[{"start":{"line":705,"column":26},"end":{"line":713,"column":null}}]},"66":{"loc":{"start":{"line":721,"column":23},"end":{"line":721,"column":37}},"type":"binary-expr","locations":[{"start":{"line":721,"column":23},"end":{"line":721,"column":37}},{"start":{"line":721,"column":41},"end":{"line":721,"column":null}}]},"67":{"loc":{"start":{"line":724,"column":36},"end":{"line":724,"column":null}},"type":"binary-expr","locations":[{"start":{"line":724,"column":36},"end":{"line":724,"column":50}},{"start":{"line":724,"column":50},"end":{"line":724,"column":null}}]},"68":{"loc":{"start":{"line":727,"column":28},"end":{"line":729,"column":null}},"type":"cond-expr","locations":[{"start":{"line":728,"column":32},"end":{"line":728,"column":null}},{"start":{"line":729,"column":32},"end":{"line":729,"column":null}}]},"69":{"loc":{"start":{"line":733,"column":28},"end":{"line":737,"column":null}},"type":"cond-expr","locations":[{"start":{"line":733,"column":28},"end":{"line":737,"column":null}}]},"70":{"loc":{"start":{"line":738,"column":28},"end":{"line":743,"column":null}},"type":"cond-expr","locations":[{"start":{"line":738,"column":28},"end":{"line":743,"column":null}}]},"71":{"loc":{"start":{"line":752,"column":21},"end":{"line":752,"column":null}},"type":"binary-expr","locations":[{"start":{"line":752,"column":21},"end":{"line":752,"column":null}}]},"72":{"loc":{"start":{"line":769,"column":9},"end":{"line":769,"column":null}},"type":"binary-expr","locations":[{"start":{"line":769,"column":9},"end":{"line":769,"column":null}}]},"73":{"loc":{"start":{"line":774,"column":80},"end":{"line":774,"column":151}},"type":"cond-expr","locations":[{"start":{"line":774,"column":114},"end":{"line":774,"column":134}},{"start":{"line":774,"column":134},"end":{"line":774,"column":151}}]},"74":{"loc":{"start":{"line":795,"column":9},"end":{"line":795,"column":null}},"type":"binary-expr","locations":[{"start":{"line":795,"column":9},"end":{"line":795,"column":null}}]},"75":{"loc":{"start":{"line":820,"column":19},"end":{"line":820,"column":46}},"type":"binary-expr","locations":[{"start":{"line":820,"column":19},"end":{"line":820,"column":46}}]},"76":{"loc":{"start":{"line":827,"column":18},"end":{"line":827,"column":50}},"type":"binary-expr","locations":[{"start":{"line":827,"column":18},"end":{"line":827,"column":50}},{"start":{"line":827,"column":54},"end":{"line":827,"column":81}}]},"77":{"loc":{"start":{"line":831,"column":41},"end":{"line":831,"column":null}},"type":"binary-expr","locations":[{"start":{"line":831,"column":41},"end":{"line":831,"column":73}},{"start":{"line":831,"column":77},"end":{"line":831,"column":105}},{"start":{"line":831,"column":109},"end":{"line":831,"column":null}}]},"78":{"loc":{"start":{"line":834,"column":24},"end":{"line":834,"column":88}},"type":"binary-expr","locations":[{"start":{"line":834,"column":24},"end":{"line":834,"column":56}},{"start":{"line":834,"column":60},"end":{"line":834,"column":88}}]},"79":{"loc":{"start":{"line":841,"column":21},"end":{"line":841,"column":null}},"type":"binary-expr","locations":[{"start":{"line":841,"column":21},"end":{"line":841,"column":49}},{"start":{"line":841,"column":53},"end":{"line":841,"column":null}}]},"80":{"loc":{"start":{"line":866,"column":9},"end":{"line":866,"column":null}},"type":"binary-expr","locations":[{"start":{"line":866,"column":9},"end":{"line":866,"column":null}}]},"81":{"loc":{"start":{"line":872,"column":21},"end":{"line":872,"column":null}},"type":"cond-expr","locations":[{"start":{"line":872,"column":59},"end":{"line":872,"column":79}},{"start":{"line":872,"column":79},"end":{"line":872,"column":null}}]},"82":{"loc":{"start":{"line":883,"column":21},"end":{"line":885,"column":null}},"type":"cond-expr","locations":[{"start":{"line":884,"column":24},"end":{"line":884,"column":null}},{"start":{"line":885,"column":24},"end":{"line":885,"column":null}}]},"83":{"loc":{"start":{"line":891,"column":35},"end":{"line":893,"column":null}},"type":"cond-expr","locations":[{"start":{"line":892,"column":26},"end":{"line":892,"column":null}},{"start":{"line":893,"column":26},"end":{"line":893,"column":null}}]},"84":{"loc":{"start":{"line":894,"column":52},"end":{"line":894,"column":null}},"type":"binary-expr","locations":[{"start":{"line":894,"column":52},"end":{"line":894,"column":60}},{"start":{"line":894,"column":60},"end":{"line":894,"column":null}}]}},"s":{"0":0,"1":0,"2":0,"3":0,"4":0,"5":0,"6":0,"7":0,"8":0,"9":0,"10":0,"11":0,"12":0,"13":0,"14":0,"15":0,"16":0,"17":0,"18":0,"19":0,"20":0,"21":0,"22":0,"23":0,"24":0,"25":0,"26":0,"27":0,"28":0,"29":0,"30":0,"31":0,"32":0,"33":0,"34":0,"35":0,"36":0,"37":0,"38":0,"39":0,"40":0,"41":0,"42":0,"43":0,"44":0,"45":0,"46":0,"47":0,"48":0,"49":0,"50":0,"51":0,"52":0,"53":0,"54":0,"55":0,"56":0,"57":0,"58":0,"59":0,"60":0,"61":0,"62":0,"63":0,"64":0,"65":0,"66":0,"67":0,"68":0,"69":0,"70":0,"71":0,"72":0,"73":0,"74":0,"75":0,"76":0,"77":0,"78":0,"79":0,"80":0,"81":0,"82":0,"83":0,"84":0,"85":0,"86":0,"87":0,"88":0,"89":0,"90":0,"91":0,"92":0,"93":0,"94":0,"95":0,"96":0,"97":0,"98":0,"99":0,"100":0,"101":0,"102":0,"103":0,"104":0,"105":0,"106":0,"107":0,"108":0,"109":0,"110":0,"111":0,"112":0,"113":0,"114":0,"115":0,"116":0,"117":0,"118":0,"119":0,"120":0,"121":0,"122":0,"123":0,"124":0,"125":0,"126":0,"127":0,"128":0,"129":0,"130":0,"131":0,"132":0,"133":0,"134":0,"135":0,"136":0,"137":0,"138":0,"139":0,"140":0,"141":0,"142":0,"143":0,"144":0,"145":0,"146":0,"147":0,"148":0,"149":0,"150":0,"151":0,"152":0,"153":0,"154":0,"155":0,"156":0,"157":0,"158":0,"159":0,"160":0,"161":0,"162":0,"163":0,"164":0,"165":0,"166":0,"167":0,"168":0,"169":0,"170":0,"171":0,"172":0,"173":0,"174":0,"175":0,"176":0,"177":0,"178":0,"179":0,"180":0,"181":0,"182":0,"183":0,"184":0,"185":0,"186":0,"187":0,"188":0,"189":0,"190":0,"191":0,"192":0,"193":0,"194":0,"195":0,"196":0,"197":0,"198":0,"199":0,"200":0,"201":0,"202":0,"203":0,"204":0,"205":0,"206":0,"207":0,"208":0,"209":0,"210":0,"211":0,"212":0,"213":0,"214":0,"215":0,"216":0,"217":0,"218":0,"219":0,"220":0,"221":0,"222":0,"223":0,"224":0,"225":0,"226":0,"227":0,"228":0,"229":0,"230":0,"231":0,"232":0,"233":0,"234":0,"235":0,"236":0,"237":0,"238":0,"239":0,"240":0,"241":0,"242":0,"243":0,"244":0,"245":0,"246":0,"247":0,"248":0,"249":0,"250":0,"251":0,"252":0,"253":0,"254":0,"255":0,"256":0,"257":0,"258":0,"259":0,"260":0,"261":0,"262":0,"263":0,"264":0},"f":{"0":0,"1":0,"2":0,"3":0,"4":0,"5":0,"6":0,"7":0,"8":0,"9":0,"10":0,"11":0,"12":0,"13":0,"14":0,"15":0,"16":0,"17":0,"18":0,"19":0,"20":0,"21":0,"22":0,"23":0,"24":0,"25":0,"26":0,"27":0,"28":0,"29":0,"30":0,"31":0,"32":0,"33":0,"34":0,"35":0,"36":0,"37":0,"38":0,"39":0,"40":0,"41":0,"42":0,"43":0,"44":0,"45":0,"46":0,"47":0,"48":0,"49":0,"50":0,"51":0,"52":0,"53":0,"54":0,"55":0,"56":0,"57":0,"58":0,"59":0,"60":0},"b":{"0":[0,0],"1":[0],"2":[0,0],"3":[0],"4":[0],"5":[0,0,0],"6":[0],"7":[0],"8":[0],"9":[0],"10":[0,0],"11":[0,0],"12":[0,0],"13":[0],"14":[0],"15":[0,0],"16":[0,0],"17":[0],"18":[0,0],"19":[0],"20":[0,0],"21":[0],"22":[0,0],"23":[0,0],"24":[0,0],"25":[0,0],"26":[0],"27":[0,0],"28":[0],"29":[0],"30":[0,0],"31":[0],"32":[0,0],"33":[0],"34":[0,0],"35":[0,0],"36":[0,0],"37":[0],"38":[0],"39":[0],"40":[0,0,0],"41":[0],"42":[0],"43":[0,0],"44":[0],"45":[0],"46":[0],"47":[0],"48":[0],"49":[0],"50":[0,0],"51":[0],"52":[0,0],"53":[0,0],"54":[0,0],"55":[0,0],"56":[0],"57":[0],"58":[0,0],"59":[0,0],"60":[0],"61":[0],"62":[0,0],"63":[0,0],"64":[0],"65":[0],"66":[0,0],"67":[0,0],"68":[0,0],"69":[0],"70":[0],"71":[0],"72":[0],"73":[0,0],"74":[0],"75":[0],"76":[0,0],"77":[0,0,0],"78":[0,0],"79":[0,0],"80":[0],"81":[0,0],"82":[0,0],"83":[0,0],"84":[0,0]}}
,"/Users/vibhu/Projects/auto-apply-ai/apps/web/app/dashboard/linkedin/page.tsx": {"path":"/Users/vibhu/Projects/auto-apply-ai/apps/web/app/dashboard/linkedin/page.tsx","statementMap":{"0":{"start":{"line":18,"column":24},"end":{"line":18,"column":null}},"1":{"start":{"line":3,"column":36},"end":{"line":3,"column":null}},"2":{"start":{"line":4,"column":28},"end":{"line":4,"column":null}},"3":{"start":{"line":5,"column":28},"end":{"line":5,"column":null}},"4":{"start":{"line":6,"column":92},"end":{"line":6,"column":null}},"5":{"start":{"line":7,"column":18},"end":{"line":7,"column":null}},"6":{"start":{"line":19,"column":30},"end":{"line":19,"column":null}},"7":{"start":{"line":20,"column":36},"end":{"line":20,"column":null}},"8":{"start":{"line":21,"column":28},"end":{"line":21,"column":null}},"9":{"start":{"line":22,"column":34},"end":{"line":22,"column":null}},"10":{"start":{"line":23,"column":42},"end":{"line":23,"column":null}},"11":{"start":{"line":24,"column":42},"end":{"line":24,"column":null}},"12":{"start":{"line":25,"column":50},"end":{"line":25,"column":null}},"13":{"start":{"line":26,"column":46},"end":{"line":26,"column":null}},"14":{"start":{"line":28,"column":2},"end":{"line":30,"column":null}},"15":{"start":{"line":29,"column":4},"end":{"line":29,"column":null}},"16":{"start":{"line":33,"column":2},"end":{"line":71,"column":null}},"17":{"start":{"line":34,"column":4},"end":{"line":34,"column":null}},"18":{"start":{"line":34,"column":27},"end":{"line":34,"column":null}},"19":{"start":{"line":36,"column":21},"end":{"line":68,"column":null}},"20":{"start":{"line":37,"column":6},"end":{"line":67,"column":null}},"21":{"start":{"line":38,"column":27},"end":{"line":38,"column":null}},"22":{"start":{"line":40,"column":8},"end":{"line":62,"column":null}},"23":{"start":{"line":41,"column":10},"end":{"line":41,"column":null}},"24":{"start":{"line":42,"column":10},"end":{"line":42,"column":null}},"25":{"start":{"line":43,"column":10},"end":{"line":43,"column":null}},"26":{"start":{"line":44,"column":10},"end":{"line":44,"column":null}},"27":{"start":{"line":45,"column":10},"end":{"line":45,"column":null}},"28":{"start":{"line":46,"column":10},"end":{"line":46,"column":null}},"29":{"start":{"line":47,"column":10},"end":{"line":47,"column":null}},"30":{"start":{"line":48,"column":15},"end":{"line":62,"column":null}},"31":{"start":{"line":49,"column":10},"end":{"line":49,"column":null}},"32":{"start":{"line":50,"column":10},"end":{"line":50,"column":null}},"33":{"start":{"line":51,"column":10},"end":{"line":51,"column":null}},"34":{"start":{"line":52,"column":10},"end":{"line":52,"column":null}},"35":{"start":{"line":53,"column":10},"end":{"line":53,"column":null}},"36":{"start":{"line":54,"column":15},"end":{"line":62,"column":null}},"37":{"start":{"line":55,"column":10},"end":{"line":55,"column":null}},"38":{"start":{"line":56,"column":10},"end":{"line":56,"column":null}},"39":{"start":{"line":57,"column":10},"end":{"line":57,"column":null}},"40":{"start":{"line":58,"column":10},"end":{"line":58,"column":null}},"41":{"start":{"line":59,"column":10},"end":{"line":59,"column":null}},"42":{"start":{"line":61,"column":10},"end":{"line":61,"column":null}},"43":{"start":{"line":64,"column":8},"end":{"line":64,"column":null}},"44":{"start":{"line":65,"column":8},"end":{"line":65,"column":null}},"45":{"start":{"line":66,"column":8},"end":{"line":66,"column":null}},"46":{"start":{"line":70,"column":4},"end":{"line":70,"column":null}},"47":{"start":{"line":70,"column":17},"end":{"line":70,"column":null}},"48":{"start":{"line":73,"column":21},"end":{"line":83,"column":null}},"49":{"start":{"line":74,"column":4},"end":{"line":74,"column":null}},"50":{"start":{"line":75,"column":4},"end":{"line":82,"column":null}},"51":{"start":{"line":76,"column":19},"end":{"line":76,"column":null}},"52":{"start":{"line":77,"column":6},"end":{"line":77,"column":null}},"53":{"start":{"line":79,"column":6},"end":{"line":79,"column":null}},"54":{"start":{"line":81,"column":6},"end":{"line":81,"column":null}},"55":{"start":{"line":85,"column":24},"end":{"line":103,"column":null}},"56":{"start":{"line":86,"column":4},"end":{"line":89,"column":null}},"57":{"start":{"line":87,"column":6},"end":{"line":87,"column":null}},"58":{"start":{"line":88,"column":6},"end":{"line":88,"column":null}},"59":{"start":{"line":91,"column":4},"end":{"line":91,"column":null}},"60":{"start":{"line":92,"column":4},"end":{"line":92,"column":null}},"61":{"start":{"line":94,"column":4},"end":{"line":102,"column":null}},"62":{"start":{"line":95,"column":21},"end":{"line":95,"column":null}},"63":{"start":{"line":96,"column":6},"end":{"line":96,"column":null}},"64":{"start":{"line":98,"column":22},"end":{"line":98,"column":null}},"65":{"start":{"line":99,"column":6},"end":{"line":99,"column":null}},"66":{"start":{"line":100,"column":6},"end":{"line":100,"column":null}},"67":{"start":{"line":101,"column":6},"end":{"line":101,"column":null}},"68":{"start":{"line":105,"column":27},"end":{"line":115,"column":null}},"69":{"start":{"line":106,"column":4},"end":{"line":106,"column":null}},"70":{"start":{"line":106,"column":80},"end":{"line":106,"column":null}},"71":{"start":{"line":108,"column":4},"end":{"line":114,"column":null}},"72":{"start":{"line":109,"column":6},"end":{"line":109,"column":null}},"73":{"start":{"line":110,"column":6},"end":{"line":110,"column":null}},"74":{"start":{"line":111,"column":6},"end":{"line":111,"column":null}},"75":{"start":{"line":113,"column":6},"end":{"line":113,"column":null}},"76":{"start":{"line":117,"column":25},"end":{"line":130,"column":null}},"77":{"start":{"line":118,"column":4},"end":{"line":118,"column":null}},"78":{"start":{"line":119,"column":4},"end":{"line":129,"column":null}},"79":{"start":{"line":120,"column":19},"end":{"line":120,"column":null}},"80":{"start":{"line":121,"column":6},"end":{"line":121,"column":null}},"81":{"start":{"line":122,"column":6},"end":{"line":123,"column":null}},"82":{"start":{"line":126,"column":6},"end":{"line":126,"column":null}},"83":{"start":{"line":128,"column":6},"end":{"line":128,"column":null}},"84":{"start":{"line":132,"column":25},"end":{"line":133,"column":null}},"85":{"start":{"line":133,"column":5},"end":{"line":133,"column":null}},"86":{"start":{"line":135,"column":21},"end":{"line":135,"column":null}},"87":{"start":{"line":135,"column":37},"end":{"line":135,"column":null}},"88":{"start":{"line":137,"column":2},"end":{"line":145,"column":null}},"89":{"start":{"line":197,"column":33},"end":{"line":197,"column":null}},"90":{"start":{"line":210,"column":35},"end":{"line":210,"column":null}},"91":{"start":{"line":214,"column":36},"end":{"line":214,"column":null}},"92":{"start":{"line":218,"column":35},"end":{"line":218,"column":null}},"93":{"start":{"line":218,"column":56},"end":{"line":218,"column":null}}},"fnMap":{"0":{"name":"LinkedInPage","decl":{"start":{"line":18,"column":24},"end":{"line":18,"column":null}},"loc":{"start":{"line":18,"column":24},"end":{"line":267,"column":null}}},"1":{"name":"(anonymous_3)","decl":{"start":{"line":28,"column":12},"end":{"line":28,"column":null}},"loc":{"start":{"line":28,"column":12},"end":{"line":30,"column":5}}},"2":{"name":"(anonymous_4)","decl":{"start":{"line":33,"column":12},"end":{"line":33,"column":null}},"loc":{"start":{"line":33,"column":12},"end":{"line":71,"column":5}}},"3":{"name":"(anonymous_5)","decl":{"start":{"line":36,"column":33},"end":{"line":36,"column":null}},"loc":{"start":{"line":36,"column":33},"end":{"line":68,"column":7}}},"4":{"name":"(anonymous_6)","decl":{"start":{"line":70,"column":11},"end":{"line":70,"column":17}},"loc":{"start":{"line":70,"column":17},"end":{"line":70,"column":null}}},"5":{"name":"(anonymous_7)","decl":{"start":{"line":73,"column":21},"end":{"line":73,"column":null}},"loc":{"start":{"line":73,"column":21},"end":{"line":83,"column":null}}},"6":{"name":"(anonymous_8)","decl":{"start":{"line":85,"column":24},"end":{"line":85,"column":null}},"loc":{"start":{"line":85,"column":24},"end":{"line":103,"column":null}}},"7":{"name":"(anonymous_9)","decl":{"start":{"line":105,"column":27},"end":{"line":105,"column":null}},"loc":{"start":{"line":105,"column":27},"end":{"line":115,"column":null}}},"8":{"name":"(anonymous_10)","decl":{"start":{"line":117,"column":25},"end":{"line":117,"column":null}},"loc":{"start":{"line":117,"column":25},"end":{"line":130,"column":null}}},"9":{"name":"(anonymous_11)","decl":{"start":{"line":132,"column":25},"end":{"line":132,"column":26}},"loc":{"start":{"line":133,"column":5},"end":{"line":133,"column":null}}},"10":{"name":"(anonymous_12)","decl":{"start":{"line":135,"column":21},"end":{"line":135,"column":22}},"loc":{"start":{"line":135,"column":37},"end":{"line":135,"column":null}}},"11":{"name":"(anonymous_13)","decl":{"start":{"line":197,"column":28},"end":{"line":197,"column":33}},"loc":{"start":{"line":197,"column":33},"end":{"line":197,"column":null}}},"12":{"name":"(anonymous_14)","decl":{"start":{"line":210,"column":30},"end":{"line":210,"column":35}},"loc":{"start":{"line":210,"column":35},"end":{"line":210,"column":null}}},"13":{"name":"(anonymous_15)","decl":{"start":{"line":214,"column":31},"end":{"line":214,"column":36}},"loc":{"start":{"line":214,"column":36},"end":{"line":214,"column":null}}},"14":{"name":"(anonymous_16)","decl":{"start":{"line":218,"column":29},"end":{"line":218,"column":35}},"loc":{"start":{"line":218,"column":35},"end":{"line":218,"column":null}}},"15":{"name":"(anonymous_17)","decl":{"start":{"line":218,"column":51},"end":{"line":218,"column":56}},"loc":{"start":{"line":218,"column":56},"end":{"line":218,"column":null}}}},"branchMap":{"0":{"loc":{"start":{"line":34,"column":4},"end":{"line":34,"column":null}},"type":"if","locations":[{"start":{"line":34,"column":4},"end":{"line":34,"column":null}}]},"1":{"loc":{"start":{"line":40,"column":8},"end":{"line":62,"column":null}},"type":"if","locations":[{"start":{"line":40,"column":8},"end":{"line":62,"column":null}},{"start":{"line":48,"column":15},"end":{"line":62,"column":null}}]},"2":{"loc":{"start":{"line":48,"column":15},"end":{"line":62,"column":null}},"type":"if","locations":[{"start":{"line":48,"column":15},"end":{"line":62,"column":null}},{"start":{"line":54,"column":15},"end":{"line":62,"column":null}}]},"3":{"loc":{"start":{"line":52,"column":22},"end":{"line":52,"column":null}},"type":"binary-expr","locations":[{"start":{"line":52,"column":22},"end":{"line":52,"column":40}},{"start":{"line":52,"column":44},"end":{"line":52,"column":null}}]},"4":{"loc":{"start":{"line":54,"column":15},"end":{"line":62,"column":null}},"type":"if","locations":[{"start":{"line":54,"column":15},"end":{"line":62,"column":null}},{"start":{"line":60,"column":15},"end":{"line":62,"column":null}}]},"5":{"loc":{"start":{"line":58,"column":22},"end":{"line":58,"column":null}},"type":"binary-expr","locations":[{"start":{"line":58,"column":22},"end":{"line":58,"column":40}},{"start":{"line":58,"column":44},"end":{"line":58,"column":null}}]},"6":{"loc":{"start":{"line":86,"column":4},"end":{"line":89,"column":null}},"type":"if","locations":[{"start":{"line":86,"column":4},"end":{"line":89,"column":null}}]},"7":{"loc":{"start":{"line":86,"column":8},"end":{"line":86,"column":43}},"type":"binary-expr","locations":[{"start":{"line":86,"column":8},"end":{"line":86,"column":25}},{"start":{"line":86,"column":25},"end":{"line":86,"column":43}}]},"8":{"loc":{"start":{"line":98,"column":22},"end":{"line":98,"column":null}},"type":"binary-expr","locations":[{"start":{"line":98,"column":22},"end":{"line":98,"column":54}},{"start":{"line":98,"column":54},"end":{"line":98,"column":null}}]},"9":{"loc":{"start":{"line":106,"column":4},"end":{"line":106,"column":null}},"type":"if","locations":[{"start":{"line":106,"column":4},"end":{"line":106,"column":null}}]},"10":{"loc":{"start":{"line":122,"column":12},"end":{"line":122,"column":49}},"type":"cond-expr","locations":[{"start":{"line":122,"column":29},"end":{"line":122,"column":41}},{"start":{"line":122,"column":41},"end":{"line":122,"column":49}}]},"11":{"loc":{"start":{"line":123,"column":8},"end":{"line":123,"column":null}},"type":"cond-expr","locations":[{"start":{"line":123,"column":25},"end":{"line":123,"column":47}},{"start":{"line":123,"column":47},"end":{"line":123,"column":null}}]},"12":{"loc":{"start":{"line":133,"column":5},"end":{"line":133,"column":null}},"type":"binary-expr","locations":[{"start":{"line":133,"column":5},"end":{"line":133,"column":130}},{"start":{"line":133,"column":134},"end":{"line":133,"column":null}}]},"13":{"loc":{"start":{"line":135,"column":37},"end":{"line":135,"column":null}},"type":"cond-expr","locations":[{"start":{"line":135,"column":41},"end":{"line":135,"column":72}},{"start":{"line":135,"column":72},"end":{"line":135,"column":null}}]},"14":{"loc":{"start":{"line":137,"column":2},"end":{"line":145,"column":null}},"type":"if","locations":[{"start":{"line":137,"column":2},"end":{"line":145,"column":null}}]},"15":{"loc":{"start":{"line":157,"column":10},"end":{"line":184,"column":26}},"type":"cond-expr","locations":[{"start":{"line":157,"column":10},"end":{"line":184,"column":26}}]},"16":{"loc":{"start":{"line":208,"column":26},"end":{"line":208,"column":null}},"type":"cond-expr","locations":[{"start":{"line":208,"column":41},"end":{"line":208,"column":50}},{"start":{"line":208,"column":50},"end":{"line":208,"column":null}}]},"17":{"loc":{"start":{"line":214,"column":36},"end":{"line":214,"column":null}},"type":"binary-expr","locations":[{"start":{"line":214,"column":36},"end":{"line":214,"column":57}},{"start":{"line":214,"column":57},"end":{"line":214,"column":null}}]},"18":{"loc":{"start":{"line":221,"column":36},"end":{"line":221,"column":70}},"type":"cond-expr","locations":[{"start":{"line":221,"column":36},"end":{"line":221,"column":70}}]},"19":{"loc":{"start":{"line":228,"column":26},"end":{"line":228,"column":null}},"type":"binary-expr","locations":[{"start":{"line":228,"column":26},"end":{"line":228,"column":42}},{"start":{"line":228,"column":42},"end":{"line":228,"column":52}},{"start":{"line":228,"column":52},"end":{"line":228,"column":null}}]},"20":{"loc":{"start":{"line":232,"column":18},"end":{"line":237,"column":null}},"type":"cond-expr","locations":[{"start":{"line":232,"column":18},"end":{"line":237,"column":null}}]},"21":{"loc":{"start":{"line":234,"column":21},"end":{"line":234,"column":null}},"type":"binary-expr","locations":[{"start":{"line":234,"column":21},"end":{"line":234,"column":39}},{"start":{"line":234,"column":39},"end":{"line":234,"column":null}}]}},"s":{"0":0,"1":0,"2":0,"3":0,"4":0,"5":0,"6":0,"7":0,"8":0,"9":0,"10":0,"11":0,"12":0,"13":0,"14":0,"15":0,"16":0,"17":0,"18":0,"19":0,"20":0,"21":0,"22":0,"23":0,"24":0,"25":0,"26":0,"27":0,"28":0,"29":0,"30":0,"31":0,"32":0,"33":0,"34":0,"35":0,"36":0,"37":0,"38":0,"39":0,"40":0,"41":0,"42":0,"43":0,"44":0,"45":0,"46":0,"47":0,"48":0,"49":0,"50":0,"51":0,"52":0,"53":0,"54":0,"55":0,"56":0,"57":0,"58":0,"59":0,"60":0,"61":0,"62":0,"63":0,"64":0,"65":0,"66":0,"67":0,"68":0,"69":0,"70":0,"71":0,"72":0,"73":0,"74":0,"75":0,"76":0,"77":0,"78":0,"79":0,"80":0,"81":0,"82":0,"83":0,"84":0,"85":0,"86":0,"87":0,"88":0,"89":0,"90":0,"91":0,"92":0,"93":0},"f":{"0":0,"1":0,"2":0,"3":0,"4":0,"5":0,"6":0,"7":0,"8":0,"9":0,"10":0,"11":0,"12":0,"13":0,"14":0,"15":0},"b":{"0":[0],"1":[0,0],"2":[0,0],"3":[0,0],"4":[0,0],"5":[0,0],"6":[0],"7":[0,0],"8":[0,0],"9":[0],"10":[0,0],"11":[0,0],"12":[0,0],"13":[0,0],"14":[0],"15":[0],"16":[0,0],"17":[0,0],"18":[0],"19":[0,0,0],"20":[0],"21":[0,0]}}
,"/Users/vibhu/Projects/auto-apply-ai/apps/web/app/dashboard/profiles/page.tsx": {"path":"/Users/vibhu/Projects/auto-apply-ai/apps/web/app/dashboard/profiles/page.tsx","statementMap":{"0":{"start":{"line":16,"column":24},"end":{"line":16,"column":null}},"1":{"start":{"line":3,"column":36},"end":{"line":3,"column":null}},"2":{"start":{"line":4,"column":28},"end":{"line":4,"column":null}},"3":{"start":{"line":5,"column":27},"end":{"line":5,"column":null}},"4":{"start":{"line":6,"column":62},"end":{"line":6,"column":null}},"5":{"start":{"line":7,"column":18},"end":{"line":7,"column":null}},"6":{"start":{"line":17,"column":34},"end":{"line":17,"column":null}},"7":{"start":{"line":18,"column":36},"end":{"line":18,"column":null}},"8":{"start":{"line":19,"column":36},"end":{"line":19,"column":null}},"9":{"start":{"line":20,"column":34},"end":{"line":20,"column":null}},"10":{"start":{"line":21,"column":34},"end":{"line":21,"column":null}},"11":{"start":{"line":22,"column":42},"end":{"line":22,"column":null}},"12":{"start":{"line":24,"column":23},"end":{"line":34,"column":null}},"13":{"start":{"line":25,"column":4},"end":{"line":25,"column":null}},"14":{"start":{"line":26,"column":4},"end":{"line":33,"column":null}},"15":{"start":{"line":27,"column":19},"end":{"line":27,"column":null}},"16":{"start":{"line":28,"column":6},"end":{"line":28,"column":null}},"17":{"start":{"line":30,"column":6},"end":{"line":30,"column":null}},"18":{"start":{"line":32,"column":6},"end":{"line":32,"column":null}},"19":{"start":{"line":36,"column":2},"end":{"line":38,"column":null}},"20":{"start":{"line":37,"column":4},"end":{"line":37,"column":null}},"21":{"start":{"line":40,"column":30},"end":{"line":56,"column":null}},"22":{"start":{"line":41,"column":4},"end":{"line":41,"column":null}},"23":{"start":{"line":42,"column":4},"end":{"line":42,"column":null}},"24":{"start":{"line":43,"column":4},"end":{"line":55,"column":null}},"25":{"start":{"line":44,"column":6},"end":{"line":44,"column":null}},"26":{"start":{"line":45,"column":6},"end":{"line":45,"column":null}},"27":{"start":{"line":46,"column":6},"end":{"line":46,"column":null}},"28":{"start":{"line":47,"column":6},"end":{"line":47,"column":null}},"29":{"start":{"line":48,"column":6},"end":{"line":48,"column":null}},"30":{"start":{"line":49,"column":6},"end":{"line":49,"column":null}},"31":{"start":{"line":51,"column":22},"end":{"line":51,"column":null}},"32":{"start":{"line":52,"column":6},"end":{"line":52,"column":null}},"33":{"start":{"line":54,"column":6},"end":{"line":54,"column":null}},"34":{"start":{"line":58,"column":21},"end":{"line":64,"column":null}},"35":{"start":{"line":59,"column":4},"end":{"line":63,"column":null}},"36":{"start":{"line":76,"column":27},"end":{"line":76,"column":null}},"37":{"start":{"line":95,"column":29},"end":{"line":95,"column":null}},"38":{"start":{"line":104,"column":14},"end":{"line":104,"column":36}},"39":{"start":{"line":142,"column":29},"end":{"line":142,"column":null}},"40":{"start":{"line":159,"column":41},"end":{"line":159,"column":null}},"41":{"start":{"line":177,"column":41},"end":{"line":177,"column":null}},"42":{"start":{"line":188,"column":35},"end":{"line":188,"column":null}}},"fnMap":{"0":{"name":"ProfilesPage","decl":{"start":{"line":16,"column":24},"end":{"line":16,"column":null}},"loc":{"start":{"line":16,"column":24},"end":{"line":208,"column":null}}},"1":{"name":"(anonymous_3)","decl":{"start":{"line":24,"column":23},"end":{"line":24,"column":null}},"loc":{"start":{"line":24,"column":23},"end":{"line":34,"column":null}}},"2":{"name":"(anonymous_4)","decl":{"start":{"line":36,"column":12},"end":{"line":36,"column":null}},"loc":{"start":{"line":36,"column":12},"end":{"line":38,"column":5}}},"3":{"name":"(anonymous_5)","decl":{"start":{"line":40,"column":30},"end":{"line":40,"column":37}},"loc":{"start":{"line":40,"column":37},"end":{"line":56,"column":null}}},"4":{"name":"(anonymous_6)","decl":{"start":{"line":58,"column":21},"end":{"line":58,"column":22}},"loc":{"start":{"line":58,"column":22},"end":{"line":64,"column":null}}},"5":{"name":"(anonymous_7)","decl":{"start":{"line":76,"column":21},"end":{"line":76,"column":27}},"loc":{"start":{"line":76,"column":27},"end":{"line":76,"column":null}}},"6":{"name":"(anonymous_8)","decl":{"start":{"line":95,"column":23},"end":{"line":95,"column":29}},"loc":{"start":{"line":95,"column":29},"end":{"line":95,"column":null}}},"7":{"name":"(anonymous_9)","decl":{"start":{"line":103,"column":26},"end":{"line":103,"column":27}},"loc":{"start":{"line":104,"column":14},"end":{"line":104,"column":36}}},"8":{"name":"(anonymous_10)","decl":{"start":{"line":142,"column":23},"end":{"line":142,"column":29}},"loc":{"start":{"line":142,"column":29},"end":{"line":142,"column":null}}},"9":{"name":"(anonymous_11)","decl":{"start":{"line":159,"column":34},"end":{"line":159,"column":35}},"loc":{"start":{"line":159,"column":41},"end":{"line":159,"column":null}}},"10":{"name":"(anonymous_12)","decl":{"start":{"line":177,"column":34},"end":{"line":177,"column":35}},"loc":{"start":{"line":177,"column":41},"end":{"line":177,"column":null}}},"11":{"name":"(anonymous_13)","decl":{"start":{"line":188,"column":29},"end":{"line":188,"column":35}},"loc":{"start":{"line":188,"column":35},"end":{"line":188,"column":null}}}},"branchMap":{"0":{"loc":{"start":{"line":51,"column":22},"end":{"line":51,"column":null}},"type":"binary-expr","locations":[{"start":{"line":51,"column":22},"end":{"line":51,"column":54}},{"start":{"line":51,"column":54},"end":{"line":51,"column":null}}]},"1":{"loc":{"start":{"line":86,"column":10},"end":{"line":89,"column":21}},"type":"cond-expr","locations":[{"start":{"line":86,"column":10},"end":{"line":89,"column":21}}]},"2":{"loc":{"start":{"line":90,"column":10},"end":{"line":102,"column":11}},"type":"cond-expr","locations":[{"start":{"line":90,"column":10},"end":{"line":102,"column":11}}]},"3":{"loc":{"start":{"line":138,"column":9},"end":{"line":138,"column":null}},"type":"binary-expr","locations":[{"start":{"line":138,"column":9},"end":{"line":138,"column":null}}]},"4":{"loc":{"start":{"line":198,"column":21},"end":{"line":198,"column":null}},"type":"cond-expr","locations":[{"start":{"line":198,"column":36},"end":{"line":198,"column":52}},{"start":{"line":198,"column":52},"end":{"line":198,"column":null}}]}},"s":{"0":0,"1":0,"2":0,"3":0,"4":0,"5":0,"6":0,"7":0,"8":0,"9":0,"10":0,"11":0,"12":0,"13":0,"14":0,"15":0,"16":0,"17":0,"18":0,"19":0,"20":0,"21":0,"22":0,"23":0,"24":0,"25":0,"26":0,"27":0,"28":0,"29":0,"30":0,"31":0,"32":0,"33":0,"34":0,"35":0,"36":0,"37":0,"38":0,"39":0,"40":0,"41":0,"42":0},"f":{"0":0,"1":0,"2":0,"3":0,"4":0,"5":0,"6":0,"7":0,"8":0,"9":0,"10":0,"11":0},"b":{"0":[0,0],"1":[0],"2":[0],"3":[0],"4":[0,0]}}
[...]
,"/Users/vibhu/Projects/auto-apply-ai/apps/web/lib/api.ts": {"path":"/Users/vibhu/Projects/auto-apply-ai/apps/web/lib/api.ts","statementMap":{"0":{"start":{"line":5,"column":13},"end":{"line":5,"column":16}},"1":{"start":{"line":128,"column":13},"end":{"line":128,"column":28}},"2":{"start":{"line":38,"column":13},"end":{"line":38,"column":20}},"3":{"start":{"line":174,"column":0},"end":{"line":174,"column":15}},"4":{"start":{"line":86,"column":13},"end":{"line":86,"column":20}},"5":{"start":{"line":147,"column":13},"end":{"line":147,"column":24}},"6":{"start":{"line":68,"column":13},"end":{"line":68,"column":23}},"7":{"start":{"line":51,"column":13},"end":{"line":51,"column":22}},"8":{"start":{"line":1,"column":18},"end":{"line":1,"column":null}},"9":{"start":{"line":3,"column":16},"end":{"line":3,"column":null}},"10":{"start":{"line":5,"column":19},"end":{"line":10,"column":null}},"11":{"start":{"line":13,"column":0},"end":{"line":21,"column":null}},"12":{"start":{"line":14,"column":2},"end":{"line":19,"column":null}},"13":{"start":{"line":15,"column":18},"end":{"line":15,"column":null}},"14":{"start":{"line":16,"column":4},"end":{"line":18,"column":null}},"15":{"start":{"line":17,"column":6},"end":{"line":17,"column":null}},"16":{"start":{"line":20,"column":2},"end":{"line":20,"column":null}},"17":{"start":{"line":24,"column":0},"end":{"line":34,"column":null}},"18":{"start":{"line":25,"column":16},"end":{"line":25,"column":null}},"19":{"start":{"line":27,"column":4},"end":{"line":32,"column":null}},"20":{"start":{"line":28,"column":6},"end":{"line":31,"column":null}},"21":{"start":{"line":29,"column":8},"end":{"line":29,"column":null}},"22":{"start":{"line":30,"column":8},"end":{"line":30,"column":null}},"23":{"start":{"line":33,"column":4},"end":{"line":33,"column":null}},"24":{"start":{"line":38,"column":23},"end":{"line":48,"column":null}},"25":{"start":{"line":40,"column":21},"end":{"line":40,"column":null}},"26":{"start":{"line":41,"column":4},"end":{"line":41,"column":null}},"27":{"start":{"line":45,"column":21},"end":{"line":45,"column":null}},"28":{"start":{"line":46,"column":4},"end":{"line":46,"column":null}},"29":{"start":{"line":51,"column":25},"end":{"line":65,"column":null}},"30":{"start":{"line":53,"column":21},"end":{"line":53,"column":null}},"31":{"start":{"line":54,"column":4},"end":{"line":54,"column":null}},"32":{"start":{"line":55,"column":21},"end":{"line":57,"column":null}},"33":{"start":{"line":58,"column":4},"end":{"line":58,"column":null}},"34":{"start":{"line":62,"column":21},"end":{"line":62,"column":null}},"35":{"start":{"line":63,"column":4},"end":{"line":63,"column":null}},"36":{"start":{"line":68,"column":26},"end":{"line":83,"column":null}},"37":{"start":{"line":70,"column":21},"end":{"line":70,"column":null}},"38":{"start":{"line":71,"column":4},"end":{"line":71,"column":null}},"39":{"start":{"line":75,"column":21},"end":{"line":75,"column":null}},"40":{"start":{"line":76,"column":4},"end":{"line":76,"column":null}},"41":{"start":{"line":80,"column":21},"end":{"line":80,"column":null}},"42":{"start":{"line":81,"column":4},"end":{"line":81,"column":null}},"43":{"start":{"line":86,"column":23},"end":{"line":125,"column":null}},"44":{"start":{"line":88,"column":19},"end":{"line":88,"column":null}},"45":{"start":{"line":89,"column":4},"end":{"line":89,"column":null}},"46":{"start":{"line":89,"column":16},"end":{"line":89,"column":null}},"47":{"start":{"line":90,"column":4},"end":{"line":90,"column":null}},"48":{"start":{"line":91,"column":4},"end":{"line":91,"column":null}},"49":{"start":{"line":92,"column":21},"end":{"line":92,"column":null}},"50":{"start":{"line":93,"column":4},"end":{"line":93,"column":null}},"51":{"start":{"line":97,"column":19},"end":{"line":97,"column":null}},"52":{"start":{"line":98,"column":4},"end":{"line":98,"column":null}},"53":{"start":{"line":98,"column":18},"end":{"line":98,"column":null}},"54":{"start":{"line":99,"column":21},"end":{"line":99,"column":null}},"55":{"start":{"line":100,"column":4},"end":{"line":100,"column":null}},"56":{"start":{"line":104,"column":21},"end":{"line":106,"column":null}},"57":{"start":{"line":107,"column":4},"end":{"line":107,"column":null}},"58":{"start":{"line":111,"column":21},"end":{"line":111,"column":null}},"59":{"start":{"line":112,"column":4},"end":{"line":112,"column":null}},"60":{"start":{"line":116,"column":19},"end":{"line":116,"column":null}},"61":{"start":{"line":117,"column":21},"end":{"line":117,"column":null}},"62":{"start":{"line":118,"column":4},"end":{"line":118,"column":null}},"63":{"start":{"line":122,"column":21},"end":{"line":122,"column":null}},"64":{"start":{"line":123,"column":4},"end":{"line":123,"column":null}},"65":{"start":{"line":128,"column":31},"end":{"line":144,"column":null}},"66":{"start":{"line":130,"column":19},"end":{"line":130,"column":null}},"67":{"start":{"line":131,"column":21},"end":{"line":131,"column":null}},"68":{"start":{"line":132,"column":4},"end":{"line":132,"column":null}},"69":{"start":{"line":136,"column":21},"end":{"line":136,"column":null}},"70":{"start":{"line":137,"column":4},"end":{"line":137,"column":null}},"71":{"start":{"line":141,"column":21},"end":{"line":141,"column":null}},"72":{"start":{"line":142,"column":4},"end":{"line":142,"column":null}},"73":{"start":{"line":147,"column":27},"end":{"line":172,"column":null}},"74":{"start":{"line":149,"column":21},"end":{"line":149,"column":null}},"75":{"start":{"line":150,"column":4},"end":{"line":150,"column":null}},"76":{"start":{"line":154,"column":21},"end":{"line":154,"column":null}},"77":{"start":{"line":155,"column":4},"end":{"line":155,"column":null}},"78":{"start":{"line":159,"column":21},"end":{"line":159,"column":null}},"79":{"start":{"line":160,"column":4},"end":{"line":160,"column":null}},"80":{"start":{"line":164,"column":21},"end":{"line":164,"column":null}},"81":{"start":{"line":165,"column":4},"end":{"line":165,"column":null}},"82":{"start":{"line":169,"column":21},"end":{"line":169,"column":null}},"83":{"start":{"line":170,"column":4},"end":{"line":170,"column":null}},"84":{"start":{"line":174,"column":15},"end":{"line":174,"column":19}}},"fnMap":{"0":{"name":"(anonymous_10)","decl":{"start":{"line":13,"column":29},"end":{"line":13,"column":30}},"loc":{"start":{"line":13,"column":30},"end":{"line":21,"column":null}}},"1":{"name":"(anonymous_11)","decl":{"start":{"line":25,"column":2},"end":{"line":25,"column":3}},"loc":{"start":{"line":25,"column":16},"end":{"line":25,"column":null}}},"2":{"name":"(anonymous_12)","decl":{"start":{"line":26,"column":2},"end":{"line":26,"column":3}},"loc":{"start":{"line":26,"column":3},"end":{"line":34,"column":null}}},"3":{"name":"(anonymous_13)","decl":{"start":{"line":39,"column":12},"end":{"line":39,"column":19}},"loc":{"start":{"line":39,"column":34},"end":{"line":42,"column":null}}},"4":{"name":"(anonymous_14)","decl":{"start":{"line":44,"column":9},"end":{"line":44,"column":16}},"loc":{"start":{"line":44,"column":31},"end":{"line":47,"column":null}}},"5":{"name":"(anonymous_15)","decl":{"start":{"line":52,"column":10},"end":{"line":52,"column":17}},"loc":{"start":{"line":52,"column":17},"end":{"line":59,"column":null}}},"6":{"name":"(anonymous_16)","decl":{"start":{"line":61,"column":8},"end":{"line":61,"column":null}},"loc":{"start":{"line":61,"column":8},"end":{"line":64,"column":null}}},"7":{"name":"(anonymous_17)","decl":{"start":{"line":69,"column":10},"end":{"line":69,"column":17}},"loc":{"start":{"line":69,"column":17},"end":{"line":72,"column":null}}},"8":{"name":"(anonymous_18)","decl":{"start":{"line":74,"column":8},"end":{"line":74,"column":null}},"loc":{"start":{"line":74,"column":8},"end":{"line":77,"column":null}}},"9":{"name":"(anonymous_19)","decl":{"start":{"line":79,"column":7},"end":{"line":79,"column":14}},"loc":{"start":{"line":79,"column":14},"end":{"line":82,"column":null}}},"10":{"name":"(anonymous_20)","decl":{"start":{"line":87,"column":8},"end":{"line":87,"column":15}},"loc":{"start":{"line":87,"column":95},"end":{"line":94,"column":null}}},"11":{"name":"(anonymous_21)","decl":{"start":{"line":96,"column":17},"end":{"line":96,"column":24}},"loc":{"start":{"line":96,"column":39},"end":{"line":101,"column":null}}},"12":{"name":"(anonymous_22)","decl":{"start":{"line":103,"column":17},"end":{"line":103,"column":24}},"loc":{"start":{"line":103,"column":24},"end":{"line":108,"column":null}}},"13":{"name":"(anonymous_23)","decl":{"start":{"line":110,"column":19},"end":{"line":110,"column":26}},"loc":{"start":{"line":110,"column":26},"end":{"line":113,"column":null}}},"14":{"name":"(anonymous_24)","decl":{"start":{"line":115,"column":9},"end":{"line":115,"column":16}},"loc":{"start":{"line":115,"column":31},"end":{"line":119,"column":null}}},"15":{"name":"(anonymous_25)","decl":{"start":{"line":121,"column":10},"end":{"line":121,"column":17}},"loc":{"start":{"line":121,"column":32},"end":{"line":124,"column":null}}},"16":{"name":"(anonymous_26)","decl":{"start":{"line":129,"column":8},"end":{"line":129,"column":15}},"loc":{"start":{"line":129,"column":15},"end":{"line":133,"column":null}}},"17":{"name":"(anonymous_27)","decl":{"start":{"line":135,"column":7},"end":{"line":135,"column":14}},"loc":{"start":{"line":135,"column":14},"end":{"line":138,"column":null}}},"18":{"name":"(anonymous_28)","decl":{"start":{"line":140,"column":17},"end":{"line":140,"column":24}},"loc":{"start":{"line":140,"column":24},"end":{"line":143,"column":null}}},"19":{"name":"(anonymous_29)","decl":{"start":{"line":148,"column":13},"end":{"line":148,"column":null}},"loc":{"start":{"line":148,"column":13},"end":{"line":151,"column":null}}},"20":{"name":"(anonymous_30)","decl":{"start":{"line":153,"column":11},"end":{"line":153,"column":18}},"loc":{"start":{"line":153,"column":33},"end":{"line":156,"column":null}}},"21":{"name":"(anonymous_31)","decl":{"start":{"line":158,"column":20},"end":{"line":158,"column":27}},"loc":{"start":{"line":158,"column":27},"end":{"line":161,"column":null}}},"22":{"name":"(anonymous_32)","decl":{"start":{"line":163,"column":12},"end":{"line":163,"column":null}},"loc":{"start":{"line":163,"column":12},"end":{"line":166,"column":null}}},"23":{"name":"(anonymous_33)","decl":{"start":{"line":168,"column":17},"end":{"line":168,"column":null}},"loc":{"start":{"line":168,"column":17},"end":{"line":171,"column":null}}}},"branchMap":{"0":{"loc":{"start":{"line":3,"column":16},"end":{"line":3,"column":null}},"type":"binary-expr","locations":[{"start":{"line":3,"column":16},"end":{"line":3,"column":47}},{"start":{"line":3,"column":51},"end":{"line":3,"column":null}}]},"1":{"loc":{"start":{"line":14,"column":2},"end":{"line":19,"column":null}},"type":"if","locations":[{"start":{"line":14,"column":2},"end":{"line":19,"column":null}}]},"2":{"loc":{"start":{"line":16,"column":4},"end":{"line":18,"column":null}},"type":"if","locations":[{"start":{"line":16,"column":4},"end":{"line":18,"column":null}}]},"3":{"loc":{"start":{"line":27,"column":4},"end":{"line":32,"column":null}},"type":"if","locations":[{"start":{"line":27,"column":4},"end":{"line":32,"column":null}}]},"4":{"loc":{"start":{"line":27,"column":8},"end":{"line":27,"column":74}},"type":"binary-expr","locations":[{"start":{"line":27,"column":8},"end":{"line":27,"column":42}},{"start":{"line":27,"column":42},"end":{"line":27,"column":74}}]},"5":{"loc":{"start":{"line":28,"column":6},"end":{"line":31,"column":null}},"type":"if","locations":[{"start":{"line":28,"column":6},"end":{"line":31,"column":null}}]},"6":{"loc":{"start":{"line":87,"column":57},"end":{"line":87,"column":75}},"type":"default-arg","locations":[{"start":{"line":87,"column":73},"end":{"line":87,"column":75}}]},"7":{"loc":{"start":{"line":87,"column":77},"end":{"line":87,"column":95}},"type":"default-arg","locations":[{"start":{"line":87,"column":94},"end":{"line":87,"column":95}}]},"8":{"loc":{"start":{"line":89,"column":4},"end":{"line":89,"column":null}},"type":"if","locations":[{"start":{"line":89,"column":4},"end":{"line":89,"column":null}}]},"9":{"loc":{"start":{"line":98,"column":4},"end":{"line":98,"column":null}},"type":"if","locations":[{"start":{"line":98,"column":4},"end":{"line":98,"column":null}}]},"10":{"loc":{"start":{"line":116,"column":19},"end":{"line":116,"column":null}},"type":"cond-expr","locations":[{"start":{"line":116,"column":38},"end":{"line":116,"column":79}},{"start":{"line":116,"column":82},"end":{"line":116,"column":null}}]},"11":{"loc":{"start":{"line":130,"column":19},"end":{"line":130,"column":null}},"type":"cond-expr","locations":[{"start":{"line":130,"column":28},"end":{"line":130,"column":47}},{"start":{"line":130,"column":50},"end":{"line":130,"column":null}}]}},"s":{"0":0,"1":0,"2":0,"3":0,"4":0,"5":0,"6":0,"7":0,"8":0,"9":0,"10":0,"11":0,"12":0,"13":0,"14":0,"15":0,"16":0,"17":0,"18":0,"19":0,"20":0,"21":0,"22":0,"23":0,"24":0,"25":0,"26":0,"27":0,"28":0,"29":0,"30":0,"31":0,"32":0,"33":0,"34":0,"35":0,"36":0,"37":0,"38":0,"39":0,"40":0,"41":0,"42":0,"43":0,"44":0,"45":0,"46":0,"47":0,"48":0,"49":0,"50":0,"51":0,"52":0,"53":0,"54":0,"55":0,"56":0,"57":0,"58":0,"59":0,"60":0,"61":0,"62":0,"63":0,"64":0,"65":0,"66":0,"67":0,"68":0,"69":0,"70":0,"71":0,"72":0,"73":0,"74":0,"75":0,"76":0,"77":0,"78":0,"79":0,"80":0,"81":0,"82":0,"83":0,"84":0},"f":{"0":0,"1":0,"2":0,"3":0,"4":0,"5":0,"6":0,"7":0,"8":0,"9":0,"10":0,"11":0,"12":0,"13":0,"14":0,"15":0,"16":0,"17":0,"18":0,"19":0,"20":0,"21":0,"22":0,"23":0},"b":{"0":[0,0],"1":[0],"2":[0],"3":[0],"4":[0,0],"5":[0],"6":[0],"7":[0],"8":[0],"9":[0],"10":[0,0],"11":[0,0]}}
,"/Users/vibhu/Projects/auto-apply-ai/apps/web/lib/auth.tsx": {"path":"/Users/vibhu/Projects/auto-apply-ai/apps/web/lib/auth.tsx","statementMap":{"0":{"start":{"line":21,"column":16},"end":{"line":21,"column":28}},"1":{"start":{"line":68,"column":16},"end":{"line":68,"column":23}},"2":{"start":{"line":3,"column":81},"end":{"line":3,"column":null}},"3":{"start":{"line":4,"column":24},"end":{"line":4,"column":null}},"4":{"start":{"line":19,"column":20},"end":{"line":19,"column":null}},"5":{"start":{"line":22,"column":26},"end":{"line":22,"column":null}},"6":{"start":{"line":23,"column":28},"end":{"line":23,"column":null}},"7":{"start":{"line":24,"column":36},"end":{"line":24,"column":null}},"8":{"start":{"line":26,"column":2},"end":{"line":36,"column":null}},"9":{"start":{"line":28,"column":24},"end":{"line":28,"column":null}},"10":{"start":{"line":29,"column":24},"end":{"line":29,"column":null}},"11":{"start":{"line":31,"column":4},"end":{"line":34,"column":null}},"12":{"start":{"line":32,"column":6},"end":{"line":32,"column":null}},"13":{"start":{"line":33,"column":6},"end":{"line":33,"column":null}},"14":{"start":{"line":35,"column":4},"end":{"line":35,"column":null}},"15":{"start":{"line":38,"column":16},"end":{"line":44,"column":null}},"16":{"start":{"line":39,"column":17},"end":{"line":39,"column":null}},"17":{"start":{"line":40,"column":4},"end":{"line":40,"column":null}},"18":{"start":{"line":41,"column":4},"end":{"line":41,"column":null}},"19":{"start":{"line":42,"column":4},"end":{"line":42,"column":null}},"20":{"start":{"line":43,"column":4},"end":{"line":43,"column":null}},"21":{"start":{"line":46,"column":19},"end":{"line":52,"column":null}},"22":{"start":{"line":47,"column":17},"end":{"line":47,"column":null}},"23":{"start":{"line":48,"column":4},"end":{"line":48,"column":null}},"24":{"start":{"line":49,"column":4},"end":{"line":49,"column":null}},"25":{"start":{"line":50,"column":4},"end":{"line":50,"column":null}},"26":{"start":{"line":51,"column":4},"end":{"line":51,"column":null}},"27":{"start":{"line":54,"column":17},"end":{"line":59,"column":null}},"28":{"start":{"line":55,"column":4},"end":{"line":55,"column":null}},"29":{"start":{"line":56,"column":4},"end":{"line":56,"column":null}},"30":{"start":{"line":57,"column":4},"end":{"line":57,"column":null}},"31":{"start":{"line":58,"column":4},"end":{"line":58,"column":null}},"32":{"start":{"line":69,"column":18},"end":{"line":69,"column":null}},"33":{"start":{"line":70,"column":2},"end":{"line":72,"column":null}},"34":{"start":{"line":71,"column":4},"end":{"line":71,"column":null}},"35":{"start":{"line":73,"column":2},"end":{"line":73,"column":null}}},"fnMap":{"0":{"name":"AuthProvider","decl":{"start":{"line":21,"column":16},"end":{"line":21,"column":28}},"loc":{"start":{"line":21,"column":66},"end":{"line":66,"column":null}}},"1":{"name":"(anonymous_7)","decl":{"start":{"line":26,"column":12},"end":{"line":26,"column":null}},"loc":{"start":{"line":26,"column":12},"end":{"line":36,"column":5}}},"2":{"name":"(anonymous_8)","decl":{"start":{"line":38,"column":16},"end":{"line":38,"column":23}},"loc":{"start":{"line":38,"column":38},"end":{"line":44,"column":null}}},"3":{"name":"(anonymous_9)","decl":{"start":{"line":46,"column":19},"end":{"line":46,"column":26}},"loc":{"start":{"line":46,"column":41},"end":{"line":52,"column":null}}},"4":{"name":"(anonymous_10)","decl":{"start":{"line":54,"column":17},"end":{"line":54,"column":null}},"loc":{"start":{"line":54,"column":17},"end":{"line":59,"column":null}}},"5":{"name":"useAuth","decl":{"start":{"line":68,"column":16},"end":{"line":68,"column":23}},"loc":{"start":{"line":68,"column":16},"end":{"line":74,"column":null}}}},"branchMap":{"0":{"loc":{"start":{"line":31,"column":4},"end":{"line":34,"column":null}},"type":"if","locations":[{"start":{"line":31,"column":4},"end":{"line":34,"column":null}}]},"1":{"loc":{"start":{"line":31,"column":8},"end":{"line":31,"column":36}},"type":"binary-expr","locations":[{"start":{"line":31,"column":8},"end":{"line":31,"column":23}},{"start":{"line":31,"column":23},"end":{"line":31,"column":36}}]},"2":{"loc":{"start":{"line":70,"column":2},"end":{"line":72,"column":null}},"type":"if","locations":[{"start":{"line":70,"column":2},"end":{"line":72,"column":null}}]}},"s":{"0":0,"1":0,"2":0,"3":0,"4":0,"5":0,"6":0,"7":0,"8":0,"9":0,"10":0,"11":0,"12":0,"13":0,"14":0,"15":0,"16":0,"17":0,"18":0,"19":0,"20":0,"21":0,"22":0,"23":0,"24":0,"25":0,"26":0,"27":0,"28":0,"29":0,"30":0,"31":0,"32":0,"33":0,"34":0,"35":0},"f":{"0":0,"1":0,"2":0,"3":0,"4":0,"5":0},"b":{"0":[0],"1":[0,0],"2":[0]}}
}
