TN:
SF:app/layout.tsx
FN:14,RootLayout
FNF:1
FNH:0
FNDA:0,RootLayout
DA:2,0
DA:3,0
DA:4,0
DA:5,0
DA:7,0
DA:9,0
DA:14,0
LF:7
LH:0
BRF:0
BRH:0
end_of_record
TN:
SF:app/page.tsx
FN:8,Home
FN:12,(anonymous_2)
FN:37,(anonymous_3)
FN:43,(anonymous_4)
FN:64,(anonymous_5)
FN:70,(anonymous_6)
FNF:6
FNH:0
FNDA:0,Home
FNDA:0,(anonymous_2)
FNDA:0,(anonymous_3)
FNDA:0,(anonymous_4)
FNDA:0,(anonymous_5)
FNDA:0,(anonymous_6)
DA:3,0
DA:4,0
DA:5,0
DA:6,0
DA:8,0
DA:9,0
DA:10,0
DA:12,0
DA:13,0
DA:14,0
DA:18,0
DA:37,0
DA:43,0
DA:64,0
DA:70,0
LF:15
LH:0
BRDA:13,0,0,0
BRDA:13,1,0,0
BRDA:13,1,1,0
BRDA:18,2,0,0
BRF:4
BRH:0
end_of_record
TN:
SF:app/dashboard/page.tsx
FN:7,DashboardPage
FN:28,(anonymous_3)
FNF:2
FNH:0
FNDA:0,DashboardPage
FNDA:0,(anonymous_3)
DA:3,0
DA:4,0
DA:5,0
DA:7,0
DA:8,0
DA:10,0
DA:29,0
LF:7
LH:0
BRF:0
BRH:0
end_of_record
TN:
SF:app/dashboard/jobs/page.tsx
FN:52,JobsContent
FN:87,(anonymous_3)
FN:93,(anonymous_4)
FN:95,(anonymous_5)
FN:102,(anonymous_6)
FN:108,(anonymous_7)
FN:112,(anonymous_8)
FN:114,(anonymous_9)
FN:150,(anonymous_10)
FN:154,(anonymous_11)
FN:157,(anonymous_12)
FN:162,(anonymous_13)
FN:178,(anonymous_14)
FN:182,(anonymous_15)
FN:194,(anonymous_16)
FN:206,(anonymous_17)
FN:219,(anonymous_18)
FN:237,(anonymous_19)
FN:240,(anonymous_20)
FN:243,(anonymous_21)
FN:247,(anonymous_22)
FN:257,(anonymous_23)
FN:283,(anonymous_24)
FN:289,(anonymous_25)
FN:292,(anonymous_26)
FN:301,(anonymous_27)
FN:309,(anonymous_28)
FN:315,(anonymous_29)
FN:318,(anonymous_30)
FN:327,(anonymous_31)
FN:335,(anonymous_32)
FN:338,(anonymous_33)
FN:343,(anonymous_34)
FN:352,(anonymous_35)
FN:360,(anonymous_36)
FN:375,(anonymous_37)
FN:385,(anonymous_38)
FN:392,(anonymous_39)
FN:402,(anonymous_40)
FN:408,(anonymous_41)
FN:408,(anonymous_42)
FN:418,(anonymous_43)
FN:418,(anonymous_44)
FN:503,(anonymous_45)
FN:508,(anonymous_46)
FN:521,(anonymous_47)
FN:571,(anonymous_48)
FN:649,(anonymous_49)
FN:658,(anonymous_50)
FN:675,(anonymous_51)
FN:690,(anonymous_52)
FN:707,(anonymous_53)
FN:723,(anonymous_54)
FN:778,(anonymous_55)
FN:784,(anonymous_56)
FN:805,(anonymous_57)
FN:854,(anonymous_58)
FN:875,(anonymous_59)
FN:890,(anonymous_60)
FN:902,(anonymous_61)
FN:917,JobsPage
FNF:61
FNH:0
FNDA:0,JobsContent
FNDA:0,(anonymous_3)
FNDA:0,(anonymous_4)
FNDA:0,(anonymous_5)
FNDA:0,(anonymous_6)
FNDA:0,(anonymous_7)
FNDA:0,(anonymous_8)
FNDA:0,(anonymous_9)
FNDA:0,(anonymous_10)
FNDA:0,(anonymous_11)
FNDA:0,(anonymous_12)
FNDA:0,(anonymous_13)
FNDA:0,(anonymous_14)
FNDA:0,(anonymous_15)
FNDA:0,(anonymous_16)
FNDA:0,(anonymous_17)
FNDA:0,(anonymous_18)
FNDA:0,(anonymous_19)
FNDA:0,(anonymous_20)
FNDA:0,(anonymous_21)
FNDA:0,(anonymous_22)
FNDA:0,(anonymous_23)
FNDA:0,(anonymous_24)
FNDA:0,(anonymous_25)
FNDA:0,(anonymous_26)
FNDA:0,(anonymous_27)
FNDA:0,(anonymous_28)
FNDA:0,(anonymous_29)
FNDA:0,(anonymous_30)
FNDA:0,(anonymous_31)
FNDA:0,(anonymous_32)
FNDA:0,(anonymous_33)
FNDA:0,(anonymous_34)
FNDA:0,(anonymous_35)
FNDA:0,(anonymous_36)
FNDA:0,(anonymous_37)
FNDA:0,(anonymous_38)
FNDA:0,(anonymous_39)
FNDA:0,(anonymous_40)
FNDA:0,(anonymous_41)
FNDA:0,(anonymous_42)
FNDA:0,(anonymous_43)
FNDA:0,(anonymous_44)
FNDA:0,(anonymous_45)
FNDA:0,(anonymous_46)
FNDA:0,(anonymous_47)
FNDA:0,(anonymous_48)
FNDA:0,(anonymous_49)
FNDA:0,(anonymous_50)
FNDA:0,(anonymous_51)
FNDA:0,(anonymous_52)
FNDA:0,(anonymous_53)
FNDA:0,(anonymous_54)
FNDA:0,(anonymous_55)
FNDA:0,(anonymous_56)
FNDA:0,(anonymous_57)
FNDA:0,(anonymous_58)
FNDA:0,(anonymous_59)
FNDA:0,(anonymous_60)
FNDA:0,(anonymous_61)
FNDA:0,JobsPage
DA:3,0
DA:4,0
DA:5,0
DA:6,0
DA:11,0
DA:12,0
DA:13,0
DA:53,0
DA:54,0
DA:56,0
DA:57,0
DA:58,0
DA:59,0
DA:60,0
DA:61,0
DA:62,0
DA:63,0
DA:64,0
DA:67,0
DA:68,0
DA:69,0
DA:71,0
DA:72,0
DA:73,0
DA:74,0
DA:75,0
DA:76,0
DA:77,0
DA:78,0
DA:79,0
DA:80,0
DA:81,0
DA:82,0
DA:83,0
DA:84,0
DA:85,0
DA:87,0
DA:88,0
DA:89,0
DA:90,0
DA:93,0
DA:94,0
DA:95,0
DA:96,0
DA:97,0
DA:98,0
DA:102,0
DA:103,0
DA:104,0
DA:108,0
DA:109,0
DA:112,0
DA:113,0
DA:114,0
DA:115,0
DA:116,0
DA:117,0
DA:119,0
DA:120,0
DA:123,0
DA:124,0
DA:127,0
DA:128,0
DA:131,0
DA:132,0
DA:133,0
DA:134,0
DA:135,0
DA:136,0
DA:138,0
DA:140,0
DA:141,0
DA:142,0
DA:145,0
DA:146,0
DA:147,0
DA:150,0
DA:154,0
DA:155,0
DA:156,0
DA:157,0
DA:158,0
DA:159,0
DA:160,0
DA:161,0
DA:162,0
DA:163,0
DA:164,0
DA:165,0
DA:167,0
DA:168,0
DA:169,0
DA:171,0
DA:178,0
DA:182,0
DA:183,0
DA:184,0
DA:185,0
DA:186,0
DA:187,0
DA:190,0
DA:194,0
DA:195,0
DA:196,0
DA:197,0
DA:198,0
DA:199,0
DA:202,0
DA:206,0
DA:207,0
DA:208,0
DA:209,0
DA:214,0
DA:215,0
DA:219,0
DA:220,0
DA:221,0
DA:222,0
DA:223,0
DA:224,0
DA:225,0
DA:226,0
DA:229,0
DA:231,0
DA:233,0
DA:237,0
DA:238,0
DA:239,0
DA:240,0
DA:241,0
DA:242,0
DA:243,0
DA:245,0
DA:247,0
DA:248,0
DA:249,0
DA:250,0
DA:257,0
DA:258,0
DA:259,0
DA:260,0
DA:263,0
DA:264,0
DA:265,0
DA:268,0
DA:269,0
DA:270,0
DA:271,0
DA:272,0
DA:273,0
DA:274,0
DA:276,0
DA:277,0
DA:278,0
DA:279,0
DA:283,0
DA:284,0
DA:285,0
DA:286,0
DA:289,0
DA:290,0
DA:291,0
DA:292,0
DA:296,0
DA:298,0
DA:299,0
DA:301,0
DA:302,0
DA:303,0
DA:304,0
DA:309,0
DA:310,0
DA:311,0
DA:312,0
DA:315,0
DA:316,0
DA:317,0
DA:318,0
DA:322,0
DA:324,0
DA:325,0
DA:327,0
DA:328,0
DA:329,0
DA:330,0
DA:335,0
DA:336,0
DA:338,0
DA:339,0
DA:341,0
DA:342,0
DA:343,0
DA:347,0
DA:349,0
DA:350,0
DA:352,0
DA:353,0
DA:354,0
DA:355,0
DA:360,0
DA:361,0
DA:375,0
DA:376,0
DA:382,0
DA:385,0
DA:386,0
DA:387,0
DA:388,0
DA:389,0
DA:392,0
DA:393,0
DA:399,0
DA:400,0
DA:402,0
DA:403,0
DA:408,0
DA:418,0
DA:503,0
DA:509,0
DA:521,0
DA:572,0
DA:573,0
DA:574,0
DA:575,0
DA:576,0
DA:577,0
DA:578,0
DA:579,0
DA:581,0
DA:649,0
DA:658,0
DA:676,0
DA:677,0
DA:690,0
DA:708,0
DA:709,0
DA:723,0
DA:778,0
DA:784,0
DA:805,0
DA:854,0
DA:875,0
DA:891,0
DA:894,0
DA:895,0
DA:902,0
DA:917,0
LF:247
LH:0
BRDA:57,0,0,0
BRDA:57,0,1,0
BRDA:94,1,0,0
BRDA:96,2,0,0
BRDA:96,2,1,0
BRDA:103,3,0,0
BRDA:113,4,0,0
BRDA:113,5,0,0
BRDA:113,5,1,0
BRDA:113,5,2,0
BRDA:119,6,0,0
BRDA:123,7,0,0
BRDA:127,8,0,0
BRDA:131,9,0,0
BRDA:131,10,0,0
BRDA:131,10,1,0
BRDA:134,11,0,0
BRDA:134,11,1,0
BRDA:138,12,0,0
BRDA:138,12,1,0
BRDA:156,13,0,0
BRDA:161,14,0,0
BRDA:161,15,0,0
BRDA:161,15,1,0
BRDA:167,16,0,0
BRDA:167,16,1,0
BRDA:186,17,0,0
BRDA:186,18,0,0
BRDA:186,18,1,0
BRDA:198,19,0,0
BRDA:210,20,0,0
BRDA:210,20,1,0
BRDA:220,21,0,0
BRDA:224,22,0,0
BRDA:224,22,1,0
BRDA:225,23,0,0
BRDA:225,23,1,0
BRDA:226,24,0,0
BRDA:226,24,1,0
BRDA:229,25,0,0
BRDA:229,25,1,0
BRDA:239,26,0,0
BRDA:239,27,0,0
BRDA:239,27,1,0
BRDA:258,28,0,0
BRDA:263,29,0,0
BRDA:276,30,0,0
BRDA:276,30,1,0
BRDA:284,31,0,0
BRDA:298,32,0,0
BRDA:298,32,1,0
BRDA:310,33,0,0
BRDA:324,34,0,0
BRDA:324,34,1,0
BRDA:349,35,0,0
BRDA:349,35,1,0
BRDA:382,36,0,0
BRDA:382,36,1,0
BRDA:386,37,0,0
BRDA:387,38,0,0
BRDA:388,39,0,0
BRDA:400,40,0,0
BRDA:400,40,1,0
BRDA:400,40,2,0
BRDA:403,41,0,0
BRDA:438,42,0,0
BRDA:449,43,0,0
BRDA:449,43,1,0
BRDA:453,44,0,0
BRDA:467,45,0,0
BRDA:481,46,0,0
BRDA:535,47,0,0
BRDA:539,48,0,0
BRDA:544,49,0,0
BRDA:548,50,0,0
BRDA:548,50,1,0
BRDA:552,51,0,0
BRDA:566,52,0,0
BRDA:566,52,1,0
BRDA:567,53,0,0
BRDA:567,53,1,0
BRDA:578,54,0,0
BRDA:578,54,1,0
BRDA:593,55,0,0
BRDA:593,55,1,0
BRDA:602,56,0,0
BRDA:621,57,0,0
BRDA:659,58,0,0
BRDA:659,58,1,0
BRDA:662,59,0,0
BRDA:662,59,1,0
BRDA:668,60,0,0
BRDA:673,61,0,0
BRDA:691,62,0,0
BRDA:691,62,1,0
BRDA:694,63,0,0
BRDA:694,63,1,0
BRDA:700,64,0,0
BRDA:705,65,0,0
BRDA:721,66,0,0
BRDA:721,66,1,0
BRDA:724,67,0,0
BRDA:724,67,1,0
BRDA:727,68,0,0
BRDA:727,68,1,0
BRDA:733,69,0,0
BRDA:738,70,0,0
BRDA:752,71,0,0
BRDA:769,72,0,0
BRDA:774,73,0,0
BRDA:774,73,1,0
BRDA:795,74,0,0
BRDA:820,75,0,0
BRDA:827,76,0,0
BRDA:827,76,1,0
BRDA:831,77,0,0
BRDA:831,77,1,0
BRDA:831,77,2,0
BRDA:834,78,0,0
BRDA:834,78,1,0
BRDA:841,79,0,0
BRDA:841,79,1,0
BRDA:866,80,0,0
BRDA:872,81,0,0
BRDA:872,81,1,0
BRDA:883,82,0,0
BRDA:883,82,1,0
BRDA:891,83,0,0
BRDA:891,83,1,0
BRDA:894,84,0,0
BRDA:894,84,1,0
BRF:131
BRH:0
end_of_record
TN:
SF:app/dashboard/linkedin/page.tsx
FN:18,LinkedInPage
FN:28,(anonymous_3)
FN:33,(anonymous_4)
FN:36,(anonymous_5)
FN:70,(anonymous_6)
FN:73,(anonymous_7)
FN:85,(anonymous_8)
FN:105,(anonymous_9)
FN:117,(anonymous_10)
FN:132,(anonymous_11)
FN:135,(anonymous_12)
FN:197,(anonymous_13)
FN:210,(anonymous_14)
FN:214,(anonymous_15)
FN:218,(anonymous_16)
FN:218,(anonymous_17)
FNF:16
FNH:0
FNDA:0,LinkedInPage
FNDA:0,(anonymous_3)
FNDA:0,(anonymous_4)
FNDA:0,(anonymous_5)
FNDA:0,(anonymous_6)
FNDA:0,(anonymous_7)
FNDA:0,(anonymous_8)
FNDA:0,(anonymous_9)
FNDA:0,(anonymous_10)
FNDA:0,(anonymous_11)
FNDA:0,(anonymous_12)
FNDA:0,(anonymous_13)
FNDA:0,(anonymous_14)
FNDA:0,(anonymous_15)
FNDA:0,(anonymous_16)
FNDA:0,(anonymous_17)
DA:3,0
DA:4,0
DA:5,0
DA:6,0
DA:7,0
DA:18,0
DA:19,0
DA:20,0
DA:21,0
DA:22,0
DA:23,0
DA:24,0
DA:25,0
DA:26,0
DA:28,0
DA:29,0
DA:33,0
DA:34,0
DA:36,0
DA:37,0
DA:38,0
DA:40,0
DA:41,0
DA:42,0
DA:43,0
DA:44,0
DA:45,0
DA:46,0
DA:47,0
DA:48,0
DA:49,0
DA:50,0
DA:51,0
DA:52,0
DA:53,0
DA:54,0
DA:55,0
DA:56,0
DA:57,0
DA:58,0
DA:59,0
DA:61,0
DA:64,0
DA:65,0
DA:66,0
DA:70,0
DA:73,0
DA:74,0
DA:75,0
DA:76,0
DA:77,0
DA:79,0
DA:81,0
DA:85,0
DA:86,0
DA:87,0
DA:88,0
DA:91,0
DA:92,0
DA:94,0
DA:95,0
DA:96,0
DA:98,0
DA:99,0
DA:100,0
DA:101,0
DA:105,0
DA:106,0
DA:108,0
DA:109,0
DA:110,0
DA:111,0
DA:113,0
DA:117,0
DA:118,0
DA:119,0
DA:120,0
DA:121,0
DA:122,0
DA:126,0
DA:128,0
DA:132,0
DA:133,0
DA:135,0
DA:137,0
DA:197,0
DA:210,0
DA:214,0
DA:218,0
LF:89
LH:0
BRDA:34,0,0,0
BRDA:40,1,0,0
BRDA:40,1,1,0
BRDA:48,2,0,0
BRDA:48,2,1,0
BRDA:52,3,0,0
BRDA:52,3,1,0
BRDA:54,4,0,0
BRDA:54,4,1,0
BRDA:58,5,0,0
BRDA:58,5,1,0
BRDA:86,6,0,0
BRDA:86,7,0,0
BRDA:86,7,1,0
BRDA:98,8,0,0
BRDA:98,8,1,0
BRDA:106,9,0,0
BRDA:122,10,0,0
BRDA:122,10,1,0
BRDA:123,11,0,0
BRDA:123,11,1,0
BRDA:133,12,0,0
BRDA:133,12,1,0
BRDA:135,13,0,0
BRDA:135,13,1,0
BRDA:137,14,0,0
BRDA:157,15,0,0
BRDA:208,16,0,0
BRDA:208,16,1,0
BRDA:214,17,0,0
BRDA:214,17,1,0
BRDA:221,18,0,0
BRDA:228,19,0,0
BRDA:228,19,1,0
BRDA:228,19,2,0
BRDA:232,20,0,0
BRDA:234,21,0,0
BRDA:234,21,1,0
BRF:38
BRH:0
end_of_record
TN:
SF:app/dashboard/profiles/page.tsx
FN:16,ProfilesPage
FN:24,(anonymous_3)
FN:36,(anonymous_4)
FN:40,(anonymous_5)
FN:58,(anonymous_6)
FN:76,(anonymous_7)
FN:95,(anonymous_8)
FN:103,(anonymous_9)
FN:142,(anonymous_10)
FN:159,(anonymous_11)
FN:177,(anonymous_12)
FN:188,(anonymous_13)
FNF:12
FNH:0
FNDA:0,ProfilesPage
FNDA:0,(anonymous_3)
FNDA:0,(anonymous_4)
FNDA:0,(anonymous_5)
FNDA:0,(anonymous_6)
FNDA:0,(anonymous_7)
FNDA:0,(anonymous_8)
FNDA:0,(anonymous_9)
FNDA:0,(anonymous_10)
FNDA:0,(anonymous_11)
FNDA:0,(anonymous_12)
FNDA:0,(anonymous_13)
DA:3,0
DA:4,0
DA:5,0
DA:6,0
DA:7,0
DA:16,0
DA:17,0
DA:18,0
DA:19,0
DA:20,0
DA:21,0
DA:22,0
DA:24,0
DA:25,0
DA:26,0
DA:27,0
DA:28,0
DA:30,0
DA:32,0
DA:36,0
DA:37,0
DA:40,0
DA:41,0
DA:42,0
DA:43,0
DA:44,0
DA:45,0
DA:46,0
DA:47,0
DA:48,0
DA:49,0
DA:51,0
DA:52,0
DA:54,0
DA:58,0
DA:59,0
DA:76,0
DA:95,0
DA:104,0
DA:142,0
DA:159,0
DA:177,0
DA:188,0
LF:43
LH:0
BRDA:51,0,0,0
BRDA:51,0,1,0
BRDA:86,1,0,0
BRDA:90,2,0,0
BRDA:138,3,0,0
BRDA:198,4,0,0
BRDA:198,4,1,0
BRF:7
BRH:0
end_of_record
TN:
SF:app/dashboard/resumes/page.tsx
FN:18,ResumesPage
FN:23,(anonymous_3)
FN:27,(anonymous_4)
FN:39,(anonymous_5)
FN:67,(anonymous_6)
FN:73,(anonymous_7)
FN:138,(anonymous_8)
FNF:7
FNH:0
FNDA:0,ResumesPage
FNDA:0,(anonymous_3)
FNDA:0,(anonymous_4)
FNDA:0,(anonymous_5)
FNDA:0,(anonymous_6)
FNDA:0,(anonymous_7)
FNDA:0,(anonymous_8)
DA:3,0
DA:4,0
DA:5,0
DA:6,0
DA:7,0
DA:8,0
DA:18,0
DA:19,0
DA:20,0
DA:21,0
DA:23,0
DA:24,0
DA:27,0
DA:28,0
DA:29,0
DA:30,0
DA:31,0
DA:33,0
DA:35,0
DA:39,0
DA:40,0
DA:41,0
DA:43,0
DA:44,0
DA:45,0
DA:46,0
DA:47,0
DA:49,0
DA:50,0
DA:52,0
DA:56,0
DA:67,0
DA:68,0
DA:69,0
DA:70,0
DA:73,0
DA:74,0
DA:139,0
LF:38
LH:0
BRDA:41,0,0,0
BRDA:49,1,0,0
BRDA:49,1,1,0
BRDA:68,2,0,0
BRDA:69,3,0,0
BRDA:95,4,0,0
BRDA:95,4,1,0
BRDA:103,5,0,0
BRDA:108,6,0,0
BRDA:127,7,0,0
BRDA:131,8,0,0
BRF:11
BRH:0
end_of_record
TN:
SF:app/dashboard/wizard/page.tsx
FN:70,WizardPage
FN:90,(anonymous_3)
FN:93,(anonymous_4)
FN:102,(anonymous_5)
FN:127,(anonymous_6)
FN:131,(anonymous_7)
FN:158,(anonymous_8)
FN:185,(anonymous_9)
FN:206,(anonymous_10)
FN:210,(anonymous_11)
FN:212,(anonymous_12)
FN:218,(anonymous_13)
FN:240,(anonymous_14)
FN:247,(anonymous_15)
FN:269,(anonymous_16)
FN:282,(anonymous_17)
FN:288,(anonymous_18)
FN:362,(anonymous_20)
FN:363,(anonymous_21)
FN:414,(anonymous_23)
FN:416,(anonymous_24)
FN:448,(anonymous_25)
FN:463,(anonymous_26)
FN:467,(anonymous_27)
FN:471,(anonymous_28)
FN:471,(anonymous_29)
FN:531,(anonymous_30)
FN:545,(anonymous_31)
FN:579,(anonymous_33)
FN:580,(anonymous_34)
FN:597,(anonymous_35)
FN:598,(anonymous_36)
FN:618,(anonymous_37)
FN:619,(anonymous_38)
FN:633,(anonymous_39)
FN:634,(anonymous_40)
FN:639,(anonymous_41)
FN:651,(anonymous_42)
FN:652,(anonymous_43)
FN:657,(anonymous_44)
FN:671,(anonymous_45)
FN:672,(anonymous_46)
FN:774,(anonymous_48)
FNF:43
FNH:9
FNDA:185,WizardPage
FNDA:74,(anonymous_3)
FNDA:0,(anonymous_4)
FNDA:0,(anonymous_5)
FNDA:0,(anonymous_6)
FNDA:60,(anonymous_7)
FNDA:54,(anonymous_8)
FNDA:0,(anonymous_9)
FNDA:0,(anonymous_10)
FNDA:0,(anonymous_11)
FNDA:0,(anonymous_12)
FNDA:0,(anonymous_13)
FNDA:0,(anonymous_14)
FNDA:0,(anonymous_15)
FNDA:185,(anonymous_16)
FNDA:51,(anonymous_17)
FNDA:0,(anonymous_18)
FNDA:1,(anonymous_20)
FNDA:1,(anonymous_21)
FNDA:0,(anonymous_23)
FNDA:0,(anonymous_24)
FNDA:0,(anonymous_25)
FNDA:0,(anonymous_26)
FNDA:0,(anonymous_27)
FNDA:0,(anonymous_28)
FNDA:0,(anonymous_29)
FNDA:0,(anonymous_30)
FNDA:0,(anonymous_31)
FNDA:0,(anonymous_33)
FNDA:0,(anonymous_34)
FNDA:0,(anonymous_35)
FNDA:0,(anonymous_36)
FNDA:0,(anonymous_37)
FNDA:0,(anonymous_38)
FNDA:0,(anonymous_39)
FNDA:0,(anonymous_40)
FNDA:0,(anonymous_41)
FNDA:0,(anonymous_42)
FNDA:0,(anonymous_43)
FNDA:0,(anonymous_44)
FNDA:0,(anonymous_45)
FNDA:0,(anonymous_46)
FNDA:555,(anonymous_48)
DA:3,1
DA:4,1
DA:5,1
DA:6,1
DA:7,1
DA:23,1
DA:24,1
DA:43,1
DA:56,1
DA:63,1
DA:70,74
DA:71,185
DA:72,185
DA:73,185
DA:74,185
DA:77,185
DA:78,185
DA:81,185
DA:82,185
DA:83,185
DA:84,185
DA:85,185
DA:86,185
DA:87,185
DA:90,185
DA:91,74
DA:93,0
DA:94,0
DA:95,0
DA:97,0
DA:98,0
DA:99,0
DA:100,0
DA:101,0
DA:102,0
DA:103,0
DA:104,0
DA:105,0
DA:106,0
DA:107,0
DA:108,0
DA:109,0
DA:110,0
DA:111,0
DA:112,0
DA:113,0
DA:114,0
DA:115,0
DA:117,0
DA:120,0
DA:121,0
DA:122,0
DA:123,0
DA:127,0
DA:131,185
DA:132,60
DA:133,60
DA:136,60
DA:141,60
DA:142,1
DA:143,1
DA:147,59
DA:148,59
DA:149,1
DA:150,1
DA:153,58
DA:154,58
DA:156,58
DA:157,58
DA:158,55
DA:163,55
DA:165,58
DA:166,58
DA:167,58
DA:169,58
DA:173,185
DA:185,185
DA:186,0
DA:187,0
DA:188,0
DA:191,0
DA:192,0
DA:194,0
DA:195,0
DA:196,0
DA:197,0
DA:199,0
DA:200,0
DA:201,0
DA:202,0
DA:206,185
DA:207,0
DA:210,185
DA:211,0
DA:212,0
DA:213,0
DA:214,0
DA:218,185
DA:220,0
DA:221,0
DA:222,0
DA:224,0
DA:225,0
DA:226,0
DA:228,0
DA:229,0
DA:230,0
DA:233,0
DA:235,0
DA:237,0
DA:238,0
DA:239,0
DA:240,0
DA:242,0
DA:243,0
DA:246,0
DA:247,0
DA:248,0
DA:249,0
DA:253,0
DA:258,0
DA:259,0
DA:261,0
DA:262,0
DA:264,0
DA:269,185
DA:270,185
DA:272,135
DA:274,50
DA:276,0
DA:278,0
DA:282,185
DA:283,51
DA:284,51
DA:288,185
DA:289,0
DA:290,0
DA:363,1
DA:415,0
DA:416,0
DA:448,0
DA:463,0
DA:467,0
DA:471,0
DA:531,0
DA:545,0
DA:580,0
DA:598,0
DA:619,0
DA:634,0
DA:640,0
DA:652,0
DA:658,0
DA:672,0
DA:774,185
DA:775,555
DA:777,185
DA:779,185
DA:780,185
DA:781,185
DA:783,185
DA:785,0
LF:162
LH:68
BRDA:91,0,0,74
BRDA:97,1,0,0
BRDA:97,1,1,0
BRDA:104,2,0,0
BRDA:104,2,1,0
BRDA:108,3,0,0
BRDA:108,3,1,0
BRDA:109,4,0,0
BRDA:109,4,1,0
BRDA:110,5,0,0
BRDA:110,5,1,0
BRDA:133,6,0,0
BRDA:141,7,0,1
BRDA:148,8,0,1
BRDA:165,9,0,58
BRDA:165,9,1,57
BRDA:186,10,0,0
BRDA:186,11,0,0
BRDA:186,11,1,0
BRDA:199,12,0,0
BRDA:199,12,1,0
BRDA:220,13,0,0
BRDA:224,14,0,0
BRDA:228,15,0,0
BRDA:238,16,0,0
BRDA:242,17,0,0
BRDA:246,18,0,0
BRDA:248,19,0,0
BRDA:261,20,0,0
BRDA:261,20,1,0
BRDA:270,21,0,135
BRDA:270,21,1,50
BRDA:270,21,2,0
BRDA:270,21,3,0
BRDA:274,22,0,50
BRDA:274,22,1,50
BRDA:283,23,0,51
BRDA:289,24,0,0
BRDA:306,25,0,81
BRDA:310,26,0,0
BRDA:310,26,1,81
BRDA:318,27,0,1
BRDA:323,28,0,0
BRDA:334,29,0,81
BRDA:341,30,0,81
BRDA:344,31,0,0
BRDA:344,31,1,0
BRDA:390,32,0,0
BRDA:389,33,0,50
BRDA:389,33,1,50
BRDA:402,34,0,0
BRDA:401,35,0,50
BRDA:401,35,1,50
BRDA:461,36,0,0
BRDA:461,36,1,50
BRDA:467,37,0,0
BRDA:467,37,1,0
BRDA:474,38,0,0
BRDA:479,39,0,50
BRDA:487,40,0,50
BRDA:487,40,1,50
BRDA:487,40,2,0
BRDA:491,41,0,0
BRDA:493,42,0,0
BRDA:493,42,1,0
BRDA:529,43,0,50
BRDA:689,44,0,0
BRDA:689,44,1,0
BRDA:690,45,0,0
BRDA:690,45,1,0
BRDA:697,46,0,0
BRDA:697,46,1,0
BRDA:699,47,0,0
BRDA:699,47,1,0
BRDA:704,48,0,0
BRDA:704,48,1,0
BRDA:706,49,0,0
BRDA:706,49,1,0
BRDA:714,50,0,0
BRDA:720,51,0,0
BRDA:726,52,0,0
BRDA:747,53,0,185
BRDA:747,53,1,370
BRDA:749,54,0,50
BRDA:749,54,1,320
BRDA:751,55,0,0
BRDA:751,55,1,320
BRDA:756,56,0,104
BRDA:756,56,1,451
BRDA:758,57,0,0
BRDA:758,57,1,451
BRDA:766,58,0,185
BRDA:766,58,1,370
BRDA:775,59,0,185
BRDA:775,59,1,185
BRDA:775,59,2,185
BRDA:775,59,3,0
BRDA:777,60,0,104
BRDA:777,60,1,81
BRDA:779,61,0,0
BRDA:780,62,0,0
BRDA:805,63,0,50
BRDA:805,63,1,135
BRDA:809,64,0,0
BRDA:809,64,1,185
BRDA:817,65,0,185
BRDA:817,65,1,135
BRDA:818,66,0,185
BRDA:818,66,1,50
BRDA:819,67,0,185
BRDA:819,67,1,0
BRDA:834,68,0,185
BRDA:849,69,0,0
BRF:113
BRH:48
end_of_record
TN:
SF:app/login/page.tsx
FN:10,LoginPage
FN:17,(anonymous_3)
FN:71,(anonymous_4)
FN:93,(anonymous_5)
FNF:4
FNH:0
FNDA:0,LoginPage
FNDA:0,(anonymous_3)
FNDA:0,(anonymous_4)
FNDA:0,(anonymous_5)
DA:3,0
DA:4,0
DA:5,0
DA:6,0
DA:7,0
DA:8,0
DA:10,0
DA:11,0
DA:12,0
DA:13,0
DA:14,0
DA:15,0
DA:17,0
DA:18,0
DA:19,0
DA:21,0
DA:22,0
DA:23,0
DA:24,0
DA:26,0
DA:27,0
DA:29,0
DA:71,0
DA:93,0
LF:24
LH:0
BRDA:26,0,0,0
BRDA:26,0,1,0
BRDA:107,1,0,0
BRF:3
BRH:0
end_of_record
TN:
SF:app/register/page.tsx
FN:10,RegisterPage
FN:18,(anonymous_3)
FN:83,(anonymous_4)
FN:105,(anonymous_5)
FN:128,(anonymous_6)
FNF:5
FNH:0
FNDA:0,RegisterPage
FNDA:0,(anonymous_3)
FNDA:0,(anonymous_4)
FNDA:0,(anonymous_5)
FNDA:0,(anonymous_6)
DA:3,0
DA:4,0
DA:5,0
DA:6,0
DA:7,0
DA:8,0
DA:10,0
DA:11,0
DA:12,0
DA:13,0
DA:14,0
DA:15,0
DA:16,0
DA:18,0
DA:19,0
DA:21,0
DA:22,0
DA:23,0
DA:26,0
DA:27,0
DA:28,0
DA:31,0
DA:33,0
DA:34,0
DA:35,0
DA:36,0
DA:38,0
DA:39,0
DA:41,0
DA:83,0
DA:105,0
DA:128,0
LF:32
LH:0
BRDA:21,0,0,0
BRDA:26,1,0,0
BRDA:38,2,0,0
BRDA:38,2,1,0
BRDA:142,3,0,0
BRF:5
BRH:0
end_of_record
TN:
SF:components/DashboardLayout.tsx
FN:29,DashboardLayout
FN:39,(anonymous_3)
FN:57,(anonymous_4)
FN:69,(anonymous_5)
FN:76,(anonymous_6)
FN:81,(anonymous_7)
FN:122,(anonymous_8)
FN:166,(anonymous_9)
FNF:8
FNH:0
FNDA:0,DashboardLayout
FNDA:0,(anonymous_3)
FNDA:0,(anonymous_4)
FNDA:0,(anonymous_5)
FNDA:0,(anonymous_6)
FNDA:0,(anonymous_7)
FNDA:0,(anonymous_8)
FNDA:0,(anonymous_9)
DA:3,0
DA:4,0
DA:5,0
DA:6,0
DA:17,0
DA:19,0
DA:21,0
DA:29,0
DA:34,0
DA:35,0
DA:36,0
DA:37,0
DA:39,0
DA:40,0
DA:41,0
DA:45,0
DA:53,0
DA:54,0
DA:57,0
DA:58,0
DA:59,0
DA:69,0
DA:76,0
DA:82,0
DA:83,0
DA:123,0
DA:124,0
DA:166,0
LF:28
LH:0
BRDA:40,0,0,0
BRDA:40,1,0,0
BRDA:40,1,1,0
BRDA:45,2,0,0
BRDA:53,3,0,0
BRDA:67,4,0,0
BRDA:67,4,1,0
BRDA:89,5,0,0
BRDA:89,5,1,0
BRDA:130,6,0,0
BRDA:130,6,1,0
BRF:11
BRH:0
end_of_record
TN:
SF:lib/api.ts
FN:13,(anonymous_10)
FN:25,(anonymous_11)
FN:26,(anonymous_12)
FN:39,(anonymous_13)
FN:44,(anonymous_14)
FN:52,(anonymous_15)
FN:61,(anonymous_16)
FN:69,(anonymous_17)
FN:74,(anonymous_18)
FN:79,(anonymous_19)
FN:87,(anonymous_20)
FN:96,(anonymous_21)
FN:103,(anonymous_22)
FN:110,(anonymous_23)
FN:115,(anonymous_24)
FN:121,(anonymous_25)
FN:129,(anonymous_26)
FN:135,(anonymous_27)
FN:140,(anonymous_28)
FN:148,(anonymous_29)
FN:153,(anonymous_30)
FN:158,(anonymous_31)
FN:163,(anonymous_32)
FN:168,(anonymous_33)
FNF:24
FNH:0
FNDA:0,(anonymous_10)
FNDA:0,(anonymous_11)
FNDA:0,(anonymous_12)
FNDA:0,(anonymous_13)
FNDA:0,(anonymous_14)
FNDA:0,(anonymous_15)
FNDA:0,(anonymous_16)
FNDA:0,(anonymous_17)
FNDA:0,(anonymous_18)
FNDA:0,(anonymous_19)
FNDA:0,(anonymous_20)
FNDA:0,(anonymous_21)
FNDA:0,(anonymous_22)
FNDA:0,(anonymous_23)
FNDA:0,(anonymous_24)
FNDA:0,(anonymous_25)
FNDA:0,(anonymous_26)
FNDA:0,(anonymous_27)
FNDA:0,(anonymous_28)
FNDA:0,(anonymous_29)
FNDA:0,(anonymous_30)
FNDA:0,(anonymous_31)
FNDA:0,(anonymous_32)
FNDA:0,(anonymous_33)
DA:1,0
DA:3,0
DA:5,0
DA:13,0
DA:14,0
DA:15,0
DA:16,0
DA:17,0
DA:20,0
DA:24,0
DA:25,0
DA:27,0
DA:28,0
DA:29,0
DA:30,0
DA:33,0
DA:38,0
DA:40,0
DA:41,0
DA:45,0
DA:46,0
DA:51,0
DA:53,0
DA:54,0
DA:55,0
DA:58,0
DA:62,0
DA:63,0
DA:68,0
DA:70,0
DA:71,0
DA:75,0
DA:76,0
DA:80,0
DA:81,0
DA:86,0
DA:88,0
DA:89,0
DA:90,0
DA:91,0
DA:92,0
DA:93,0
DA:97,0
DA:98,0
DA:99,0
DA:100,0
DA:104,0
DA:107,0
DA:111,0
DA:112,0
DA:116,0
DA:117,0
DA:118,0
DA:122,0
DA:123,0
DA:128,0
DA:130,0
DA:131,0
DA:132,0
DA:136,0
DA:137,0
DA:141,0
DA:142,0
DA:147,0
DA:149,0
DA:150,0
DA:154,0
DA:155,0
DA:159,0
DA:160,0
DA:164,0
DA:165,0
DA:169,0
DA:170,0
DA:174,0
LF:75
LH:0
BRDA:3,0,0,0
BRDA:3,0,1,0
BRDA:14,1,0,0
BRDA:16,2,0,0
BRDA:27,3,0,0
BRDA:27,4,0,0
BRDA:27,4,1,0
BRDA:28,5,0,0
BRDA:87,6,0,0
BRDA:87,7,0,0
BRDA:89,8,0,0
BRDA:98,9,0,0
BRDA:116,10,0,0
BRDA:116,10,1,0
BRDA:130,11,0,0
BRDA:130,11,1,0
BRF:16
BRH:0
end_of_record
TN:
SF:lib/auth.tsx
FN:21,AuthProvider
FN:26,(anonymous_7)
FN:38,(anonymous_8)
FN:46,(anonymous_9)
FN:54,(anonymous_10)
FN:68,useAuth
FNF:6
FNH:0
FNDA:0,AuthProvider
FNDA:0,(anonymous_7)
FNDA:0,(anonymous_8)
FNDA:0,(anonymous_9)
FNDA:0,(anonymous_10)
FNDA:0,useAuth
DA:3,0
DA:4,0
DA:19,0
DA:21,0
DA:22,0
DA:23,0
DA:24,0
DA:26,0
DA:28,0
DA:29,0
DA:31,0
DA:32,0
DA:33,0
DA:35,0
DA:38,0
DA:39,0
DA:40,0
DA:41,0
DA:42,0
DA:43,0
DA:46,0
DA:47,0
DA:48,0
DA:49,0
DA:50,0
DA:51,0
DA:54,0
DA:55,0
DA:56,0
DA:57,0
DA:58,0
DA:68,0
DA:69,0
DA:70,0
DA:71,0
DA:73,0
LF:36
LH:0
BRDA:31,0,0,0
BRDA:31,1,0,0
BRDA:31,1,1,0
BRDA:70,2,0,0
BRF:4
BRH:0
end_of_record
